Log file open, 10/16/20 12:17:35
LogWindows: Failed to load 'aqProf.dll' (GetLastError=126)
LogWindows: File 'aqProf.dll' does not exist
LogWindows: Failed to load 'VSPerf140.dll' (GetLastError=126)
LogWindows: File 'VSPerf140.dll' does not exist
LogWindows: Failed to load 'VtuneApi.dll' (GetLastError=126)
LogWindows: File 'VtuneApi.dll' does not exist
LogWindows: Failed to load 'VtuneApi32e.dll' (GetLastError=126)
LogWindows: File 'VtuneApi32e.dll' does not exist
LogInit: Display: Running engine for game: BlueprintTutorial2
LogPlatformFile: Not using cached read wrapper
LogTaskGraph: Started task graph with 5 named threads and 14 total threads with 3 sets of task threads.
LogStats: Stats thread started at 0.183674
LogD3D11RHI: Loaded GFSDK_Aftermath_Lib.x64.dll
LogICUInternationalization: Display: ICU TimeZone Detection - Raw Offset: +1:00, Platform Override: ''
LogPluginManager: Mounting plugin Paper2D
LogPluginManager: Mounting plugin AISupport
LogPluginManager: Mounting plugin LightPropagationVolume
LogPluginManager: Mounting plugin CLionSourceCodeAccess
LogPluginManager: Mounting plugin CodeLiteSourceCodeAccess
LogPluginManager: Mounting plugin GitSourceControl
LogPluginManager: Mounting plugin KDevelopSourceCodeAccess
LogPluginManager: Mounting plugin NullSourceCodeAccess
LogPluginManager: Mounting plugin PerforceSourceControl
LogPluginManager: Mounting plugin SubversionSourceControl
LogPluginManager: Mounting plugin UObjectPlugin
LogPluginManager: Mounting plugin VisualStudioCodeSourceCodeAccess
LogPluginManager: Mounting plugin VisualStudioSourceCodeAccess
LogPluginManager: Mounting plugin XCodeSourceCodeAccess
LogPluginManager: Mounting plugin AssetManagerEditor
LogPluginManager: Mounting plugin CryptoKeys
LogPluginManager: Mounting plugin DataValidation
LogPluginManager: Mounting plugin FacialAnimation
LogPluginManager: Mounting plugin GameplayTagsEditor
LogPluginManager: Mounting plugin MacGraphicsSwitching
LogPluginManager: Mounting plugin MeshEditor
LogPluginManager: Mounting plugin MobileLauncherProfileWizard
LogPluginManager: Mounting plugin PluginBrowser
LogPluginManager: Mounting plugin SpeedTreeImporter
LogPluginManager: Mounting plugin DatasmithContent
LogPluginManager: Mounting plugin AlembicImporter
LogPluginManager: Mounting plugin AppleImageUtils
LogPluginManager: Mounting plugin AppleVision
LogPluginManager: Mounting plugin BackChannel
LogPluginManager: Mounting plugin CharacterAI
LogPluginManager: Mounting plugin GeometryCache
LogPluginManager: Mounting plugin HTML5Networking
LogPluginManager: Mounting plugin ProxyLODPlugin
LogPluginManager: Mounting plugin MagicLeap
LogPluginManager: Mounting plugin MagicLeapEmulator
LogPluginManager: Mounting plugin MagicLeapMedia
LogPluginManager: Mounting plugin AndroidMedia
LogPluginManager: Mounting plugin AvfMedia
LogPluginManager: Mounting plugin ImgMedia
LogPluginManager: Mounting plugin LinearTimecode
LogPluginManager: Mounting plugin MediaCompositing
LogPluginManager: Mounting plugin MediaPlayerEditor
LogPluginManager: Mounting plugin WmfMedia
LogPluginManager: Mounting plugin TcpMessaging
LogPluginManager: Mounting plugin UdpMessaging
LogPluginManager: Mounting plugin ActorSequence
LogPluginManager: Mounting plugin LevelSequenceEditor
LogPluginManager: Mounting plugin MatineeToLevelSequence
LogPluginManager: Mounting plugin NetcodeUnitTest
LogPluginManager: Mounting plugin NUTUnrealEngine4
LogPluginManager: Mounting plugin OnlineSubsystemGooglePlay
LogPluginManager: Mounting plugin OnlineSubsystemIOS
LogPluginManager: Mounting plugin OnlineSubsystem
LogPluginManager: Mounting plugin OnlineSubsystemNull
LogPluginManager: Mounting plugin OnlineSubsystemUtils
LogPluginManager: Mounting plugin LauncherChunkInstaller
LogPluginManager: Mounting plugin AndroidDeviceProfileSelector
LogPluginManager: Mounting plugin AndroidMoviePlayer
LogPluginManager: Mounting plugin AndroidPermission
LogPluginManager: Mounting plugin AppleMoviePlayer
LogPluginManager: Mounting plugin ArchVisCharacter
LogPluginManager: Mounting plugin AudioCapture
LogPluginManager: Mounting plugin CableComponent
LogPluginManager: Mounting plugin CustomMeshComponent
LogPluginManager: Mounting plugin EditableMesh
LogPluginManager: Mounting plugin ExampleDeviceProfileSelector
LogPluginManager: Mounting plugin GoogleCloudMessaging
LogPluginManager: Mounting plugin ImmediatePhysics
LogPluginManager: Mounting plugin IOSDeviceProfileSelector
LogPluginManager: Mounting plugin LinuxDeviceProfileSelector
LogPluginManager: Mounting plugin LocationServicesBPLibrary
LogPluginManager: Mounting plugin MobilePatchingUtils
LogPluginManager: Mounting plugin OculusVR
LogPluginManager: Plugin shader directory ../../../Engine/Plugins/Runtime/Oculus/OculusVR/Shaders found
LogPluginManager: Mapping shader source directory ../../../Engine/Plugins/Runtime/Oculus/OculusVR/Shaders to virtual directory /Plugin/OculusVR
LogPluginManager: Mounting plugin PhysXVehicles
LogPluginManager: Mounting plugin ProceduralMeshComponent
LogPluginManager: Mounting plugin RuntimePhysXCooking
LogPluginManager: Mounting plugin SteamVR
LogPluginManager: Mounting plugin WindowsMoviePlayer
LogStreaming: Display: Took  0.814s to configure plugins.
LogInit: Using libcurl 7.55.1-DEV
LogInit:  - built for x86_64-pc-win32
LogInit:  - supports SSL with OpenSSL/1.0.2h
LogInit:  - supports HTTP deflate (compression) using libz 1.2.8
LogInit:  - other features:
LogInit:      CURL_VERSION_SSL
LogInit:      CURL_VERSION_LIBZ
LogInit:      CURL_VERSION_IPV6
LogInit:      CURL_VERSION_ASYNCHDNS
LogInit:      CURL_VERSION_LARGEFILE
LogInit:      CURL_VERSION_IDN
LogInit:  CurlRequestOptions (configurable via config and command line):
LogInit:  - bVerifyPeer = false  - Libcurl will NOT verify peer certificate
LogInit:  - bUseHttpProxy = false  - Libcurl will NOT use HTTP proxy
LogInit:  - bDontReuseConnections = false  - Libcurl will reuse connections
LogInit:  - CertBundlePath = nullptr  - Libcurl will use whatever was configured at build time.
LogInit:  - MaxHostConnections = 16  - Libcurl will limit the number of connections to a host
LogInit:  - LocalHostAddr = Default
LogInit:  - BufferSize = 65536
LogInit: WinSock: version 1.1 (2.2), MaxSocks=32767, MaxUdp=65467
LogInit: Build: ++UE4+Release-4.20-CL-4369336
LogInit: Engine Version: 4.20.3-4369336+++UE4+Release-4.20
LogInit: Compatible Engine Version: 4.20.0-4212847+++UE4+Release-4.20
LogInit: Net CL: 4212847
LogInit: OS: Windows 10 (), CPU: Intel(R) Core(TM) i5-7500 CPU @ 3.40GHz, GPU: NVIDIA GeForce GTX 1050 Ti
LogInit: Compiled (64-bit): Sep 17 2018 12:26:19
LogInit: Compiled with Visual C++: 19.13.26129.00
LogInit: Build Configuration: Development
LogInit: Branch Name: ++UE4+Release-4.20
LogInit: Command Line: 
LogInit: Base Directory: F:/UE_4.20/Engine/Binaries/Win64/
LogInit: Installed Engine Build: 1
LogDevObjectVersion: Number of dev versions registered: 20
LogDevObjectVersion:   Dev-Blueprints (B0D832E4-1F89-4F0D-ACCF-7EB736FD4AA2): 10
LogDevObjectVersion:   Dev-Build (E1C64328-A22C-4D53-A36C-8E866417BD8C): 0
LogDevObjectVersion:   Dev-Core (375EC13C-06E4-48FB-B500-84F0262A717E): 2
LogDevObjectVersion:   Dev-Editor (E4B068ED-F494-42E9-A231-DA0B2E46BB41): 24
LogDevObjectVersion:   Dev-Framework (CFFC743F-43B0-4480-9391-14DF171D2073): 34
LogDevObjectVersion:   Dev-Mobile (B02B49B5-BB20-44E9-A304-32B752E40360): 2
LogDevObjectVersion:   Dev-Networking (A4E4105C-59A1-49B5-A7C5-40C4547EDFEE): 0
LogDevObjectVersion:   Dev-Online (39C831C9-5AE6-47DC-9A44-9C173E1C8E7C): 0
LogDevObjectVersion:   Dev-Physics (78F01B33-EBEA-4F98-B9B4-84EACCB95AA2): 0
LogDevObjectVersion:   Dev-Platform (6631380F-2D4D-43E0-8009-CF276956A95A): 0
LogDevObjectVersion:   Dev-Rendering (12F88B9F-8875-4AFC-A67C-D90C383ABD29): 26
LogDevObjectVersion:   Dev-Sequencer (7B5AE74C-D270-4C10-A958-57980B212A5A): 9
LogDevObjectVersion:   Dev-VR (D7296918-1DD6-4BDD-9DE2-64A83CC13884): 2
LogDevObjectVersion:   Dev-LoadTimes (C2A15278-BFE7-4AFE-6C17-90FF531DF755): 1
LogDevObjectVersion:   Private-Geometry (6EACA3D4-40EC-4CC1-B786-8BED09428FC5): 3
LogDevObjectVersion:   Dev-AnimPhys (29E575DD-E0A3-4627-9D10-D276232CDCEA): 17
LogDevObjectVersion:   Dev-ReflectionCapture (6B266CEC-1EC7-4B8F-A30B-E4D90942FC07): 1
LogDevObjectVersion:   Dev-Automation (0DF73D61-A23F-47EA-B727-89E90C41499A): 1
LogDevObjectVersion:   FortniteMain (601D1886-AC64-4F84-AA16-D3DE0DEAC7D6): 12
LogDevObjectVersion:   Dev-Enterprise (9DFFBCD6-494F-0158-E221-12823C92A888): 1
LogStreaming: Display: Took  0.000s to delete old logs.
LogInit: Presizing for max 8388607 objects, including 0 objects not considered by GC, pre-allocating 0 bytes for permanent pool.
LogInit: Object subsystem initialized
[2020.10.16-10.17.38:327][  0]LogInit: Selected Device Profile: [Windows]
[2020.10.16-10.17.38:327][  0]LogInit: Applying CVar settings loaded from the selected device profile: [Windows]
[2020.10.16-10.17.38:358][  0]LogHAL: Display: Platform has ~ 8 GB [8541945856 / 8589934592 / 8], which maps to Default [LargestMinGB=32, LargerMinGB=12, DefaultMinGB=8, SmallerMinGB=6, SmallestMinGB=0)
[2020.10.16-10.17.38:358][  0]LogInit: Setting Device Profile CVar: [[r.Vulkan.UseRealUBs:1]]
[2020.10.16-10.17.38:358][  0]LogInit: Going up to parent DeviceProfile []
[2020.10.16-10.17.38:368][  0]LogInit: Computer: DESKTOP-MHDGJK2
[2020.10.16-10.17.38:368][  0]LogInit: User: Usuario
[2020.10.16-10.17.38:368][  0]LogInit: CPU Page size=4096, Cores=4
[2020.10.16-10.17.38:368][  0]LogInit: High frequency timer resolution =10.000000 MHz
[2020.10.16-10.17.38:368][  0]LogMemory: Memory total: Physical=8.0GB (8GB approx)
[2020.10.16-10.17.38:368][  0]LogMemory: Platform Memory Stats for Windows
[2020.10.16-10.17.38:368][  0]LogMemory: Process Physical Memory: 99.79 MB used, 99.80 MB peak
[2020.10.16-10.17.38:368][  0]LogMemory: Process Virtual Memory: 82.66 MB used, 82.66 MB peak
[2020.10.16-10.17.38:368][  0]LogMemory: Physical Memory: 6353.11 MB used,  1793.12 MB free, 8146.23 MB total
[2020.10.16-10.17.38:368][  0]LogMemory: Virtual Memory: 4607.14 MB used,  1793.12 MB free, 134217728.00 MB total
[2020.10.16-10.17.38:937][  0]LogInit: Using OS detected language (en-US).
[2020.10.16-10.17.38:937][  0]LogInit: Using OS detected locale (en-001).
[2020.10.16-10.17.38:938][  0]LogTextLocalizationManager: No specific localization for 'en-US' exists, so the 'en' localization will be used.
[2020.10.16-10.17.39:515][  0]LogStreaming: Display: Took  0.578s to InitEngineTextLocalization.
[2020.10.16-10.17.39:515][  0]LogInit: Setting process to per monitor DPI aware
[2020.10.16-10.17.39:805][  0]LogSlate: New Slate User Created.  User Index 0, Is Virtual User: 0
[2020.10.16-10.17.39:805][  0]LogSlate: Slate User Registered.  User Index 0, Is Virtual User: 0
[2020.10.16-10.17.40:472][  0]LogHMD: Failed to initialize OpenVR with code 110
[2020.10.16-10.17.40:472][  0]LogD3D11RHI: D3D11 adapters:
[2020.10.16-10.17.40:573][  0]LogD3D11RHI:    0. 'NVIDIA GeForce GTX 1050 Ti' (Feature Level 11_0)
[2020.10.16-10.17.40:573][  0]LogD3D11RHI:       4018/0/4073 MB DedicatedVideo/DedicatedSystem/SharedSystem, Outputs:1, VendorId:0x10de
[2020.10.16-10.17.40:579][  0]LogD3D11RHI:    1. 'Microsoft Basic Render Driver' (Feature Level 11_0)
[2020.10.16-10.17.40:579][  0]LogD3D11RHI:       0/0/4073 MB DedicatedVideo/DedicatedSystem/SharedSystem, Outputs:0, VendorId:0x1414
[2020.10.16-10.17.40:579][  0]LogD3D11RHI: Chosen D3D11 Adapter: 0
[2020.10.16-10.17.40:585][  0]LogD3D11RHI: Creating new Direct3DDevice
[2020.10.16-10.17.40:585][  0]LogD3D11RHI:     GPU DeviceId: 0x1c82 (for the marketing name, search the web for "GPU Device Id")
[2020.10.16-10.17.40:585][  0]LogWindows: EnumDisplayDevices:
[2020.10.16-10.17.40:585][  0]LogWindows:    0. 'NVIDIA GeForce GTX 1050 Ti' (P:1 D:1)
[2020.10.16-10.17.40:586][  0]LogWindows:    1. 'NVIDIA GeForce GTX 1050 Ti' (P:0 D:0)
[2020.10.16-10.17.40:586][  0]LogWindows:    2. 'NVIDIA GeForce GTX 1050 Ti' (P:0 D:0)
[2020.10.16-10.17.40:586][  0]LogWindows:    3. 'NVIDIA GeForce GTX 1050 Ti' (P:0 D:0)
[2020.10.16-10.17.40:586][  0]LogWindows: DebugString: FoundDriverCount:4 
[2020.10.16-10.17.40:586][  0]LogD3D11RHI:     Adapter Name: NVIDIA GeForce GTX 1050 Ti
[2020.10.16-10.17.40:586][  0]LogD3D11RHI:   Driver Version: 456.55 (internal:27.21.14.5655, unified:456.55)
[2020.10.16-10.17.40:586][  0]LogD3D11RHI:      Driver Date: 9-24-2020
[2020.10.16-10.17.40:586][  0]LogRHI: Texture pool is 2812 MB (70% of 4018 MB)
[2020.10.16-10.17.40:633][  0]LogD3D11RHI: Async texture creation enabled
[2020.10.16-10.17.40:652][  0]LogD3D11RHI: GPU Timing Frequency: 1000.000000 (Debug: 2 1)
[2020.10.16-10.17.40:655][  0]LogShaderCompilers: Guid format shader working directory is -25 characters bigger than the processId version (../../../../UnrealProjects/UnrealTutorials/TutorialBP/BlueprintTutorial2/Intermediate/Shaders/WorkingDirectory/17420/).
[2020.10.16-10.17.40:655][  0]LogShaderCompilers: Cleaned the shader compiler working directory 'C:/Users/Usuario/AppData/Local/Temp/UnrealShaderWorkingDir/BDAF4DCD4B4E02A52015DBA8DE18DD23/'.
[2020.10.16-10.17.42:573][  0]LogTemp: Display: Loaded TP AllDesktopTargetPlatform
[2020.10.16-10.17.42:604][  0]LogTemp: Display: Loaded TP MacClientTargetPlatform
[2020.10.16-10.17.42:617][  0]LogTemp: Display: Loaded TP MacNoEditorTargetPlatform
[2020.10.16-10.17.42:630][  0]LogTemp: Display: Loaded TP MacServerTargetPlatform
[2020.10.16-10.17.42:666][  0]LogTemp: Display: Loaded TP MacTargetPlatform
[2020.10.16-10.17.42:695][  0]LogTemp: Display: Loaded TP WindowsClientTargetPlatform
[2020.10.16-10.17.42:710][  0]LogTemp: Display: Loaded TP WindowsNoEditorTargetPlatform
[2020.10.16-10.17.42:735][  0]LogTemp: Display: Loaded TP WindowsServerTargetPlatform
[2020.10.16-10.17.42:744][  0]LogTemp: Display: Loaded TP WindowsTargetPlatform
[2020.10.16-10.17.42:844][  0]LogTemp: Display: Loaded TP AndroidTargetPlatform
[2020.10.16-10.17.42:844][  0]LogTemp: Display: Loaded TP AndroidTargetPlatform
[2020.10.16-10.17.42:844][  0]LogTemp: Display: Loaded TP AndroidTargetPlatform
[2020.10.16-10.17.42:844][  0]LogTemp: Display: Loaded TP AndroidTargetPlatform
[2020.10.16-10.17.42:844][  0]LogTemp: Display: Loaded TP AndroidTargetPlatform
[2020.10.16-10.17.42:844][  0]LogTemp: Display: Loaded TP AndroidTargetPlatform
[2020.10.16-10.17.42:844][  0]LogTemp: Display: Loaded TP AndroidTargetPlatform
[2020.10.16-10.17.42:844][  0]LogTemp: Display: Loaded TP AndroidTargetPlatform
[2020.10.16-10.17.42:844][  0]LogTemp: Display: Loaded TP AndroidTargetPlatform
[2020.10.16-10.17.42:844][  0]LogTemp: Display: Loaded TP AndroidTargetPlatform
[2020.10.16-10.17.42:844][  0]LogTemp: Display: Loaded TP AndroidTargetPlatform
[2020.10.16-10.17.42:844][  0]LogTemp: Display: Loaded TP AndroidTargetPlatform
[2020.10.16-10.17.42:844][  0]LogTemp: Display: Loaded TP AndroidTargetPlatform
[2020.10.16-10.17.42:844][  0]LogTemp: Display: Loaded TP AndroidTargetPlatform
[2020.10.16-10.17.42:844][  0]LogTemp: Display: Loaded TP AndroidTargetPlatform
[2020.10.16-10.17.42:844][  0]LogTemp: Display: Loaded TP AndroidTargetPlatform
[2020.10.16-10.17.42:844][  0]LogTemp: Display: Loaded TP AndroidTargetPlatform
[2020.10.16-10.17.42:844][  0]LogTemp: Display: Loaded TP AndroidTargetPlatform
[2020.10.16-10.17.42:850][  0]LogTemp: Display: Loaded TP HTML5TargetPlatform
[2020.10.16-10.17.42:966][  0]LogTemp: Display: Loaded TP IOSTargetPlatform
[2020.10.16-10.17.42:966][  0]LogTemp: Display: Loaded TP IOSTargetPlatform
[2020.10.16-10.17.43:005][  0]LogTemp: Display: Loaded TP TVOSTargetPlatform
[2020.10.16-10.17.43:005][  0]LogTemp: Display: Loaded TP TVOSTargetPlatform
[2020.10.16-10.17.43:026][  0]LogTemp: Display: Loaded TP LinuxClientTargetPlatform
[2020.10.16-10.17.43:046][  0]LogTemp: Display: Loaded TP LinuxNoEditorTargetPlatform
[2020.10.16-10.17.43:071][  0]LogTemp: Display: Loaded TP LinuxServerTargetPlatform
[2020.10.16-10.17.43:088][  0]LogTemp: Display: Loaded TP LinuxTargetPlatform
[2020.10.16-10.17.43:113][  0]LogTemp: Display: Loaded TP LuminTargetPlatform
[2020.10.16-10.17.43:113][  0]LogTargetPlatformManager: Display: Building Assets For Windows
[2020.10.16-10.17.43:484][  0]LogXGEController: Cannot use XGE Controller as Incredibuild is not installed on this machine.
[2020.10.16-10.17.43:484][  0]LogShaderCompilers: Cannot use XGE Shader Compiler as Incredibuild is not installed on this machine.
[2020.10.16-10.17.43:484][  0]LogShaderCompilers: Display: Using Local Shader Compiler.
[2020.10.16-10.17.44:375][  0]LogDerivedDataCache: Display: Max Cache Size: 512 MB
[2020.10.16-10.17.45:575][  0]LogDerivedDataCache: Loaded boot cache 1.20s 71MB C:/Users/Usuario/AppData/Local/UnrealEngine/4.20/DerivedDataCache/Boot.ddc.
[2020.10.16-10.17.45:575][  0]LogDerivedDataCache: Display: Loaded Boot cache: C:/Users/Usuario/AppData/Local/UnrealEngine/4.20/DerivedDataCache/Boot.ddc
[2020.10.16-10.17.45:576][  0]LogDerivedDataCache: FDerivedDataBackendGraph:  Pak pak cache file ../../../../UnrealProjects/UnrealTutorials/TutorialBP/BlueprintTutorial2/DerivedDataCache/DDC.ddp not found, will not use a pak cache.
[2020.10.16-10.17.45:576][  0]LogDerivedDataCache: Unable to find inner node Pak for hierarchical cache Hierarchy.
[2020.10.16-10.17.45:576][  0]LogDerivedDataCache: FDerivedDataBackendGraph:  CompressedPak pak cache file ../../../../UnrealProjects/UnrealTutorials/TutorialBP/BlueprintTutorial2/DerivedDataCache/Compressed.ddp not found, will not use a pak cache.
[2020.10.16-10.17.45:576][  0]LogDerivedDataCache: Unable to find inner node CompressedPak for hierarchical cache Hierarchy.
[2020.10.16-10.17.45:633][  0]LogDerivedDataCache: Display: Pak cache opened for reading ../../../Engine/DerivedDataCache/Compressed.ddp.
[2020.10.16-10.17.45:645][  0]LogDerivedDataCache: Using Local data cache path C:/Users/Usuario/AppData/Local/UnrealEngine/Common/DerivedDataCache: Writable
[2020.10.16-10.17.45:645][  0]LogDerivedDataCache: Shared data cache path not found in *engine.ini, will not use an Shared cache.
[2020.10.16-10.17.45:645][  0]LogDerivedDataCache: Unable to find inner node Shared for hierarchical cache Hierarchy.
[2020.10.16-10.17.45:662][  0]LogMaterial: Verifying Global Shaders for PCD3D_SM5
[2020.10.16-10.17.45:664][  0]LogSlate: Using FreeType 2.6.0
[2020.10.16-10.17.45:684][  0]LogSlate: SlateFontServices - WITH_FREETYPE: 1, WITH_HARFBUZZ: 1
[2020.10.16-10.17.45:865][  0]LogAssetRegistry: FAssetRegistry took 0.0263 seconds to start up
[2020.10.16-10.17.46:211][  0]LogInit: Selected Device Profile: [Windows]
[2020.10.16-10.17.46:704][  0]LogSimplygon: Simplygon DLL not present - disabling.
[2020.10.16-10.17.46:733][  0]LogMeshReduction: Using SimplygonSwarm for distributed automatic mesh merging
[2020.10.16-10.17.46:733][  0]LogMeshReduction: Using ProxyLODMeshReduction for automatic mesh merging
[2020.10.16-10.17.46:733][  0]LogMeshReduction: Using QuadricMeshReduction for automatic static mesh reduction
[2020.10.16-10.17.46:733][  0]LogMeshReduction: No automatic skeletal mesh reduction module available
[2020.10.16-10.17.46:751][  0]LogNetVersion: BlueprintTutorial2 1.0.0, NetCL: 4212847, EngineNetVer: 5, GameNetVer: 0 (Checksum: 3391543)
[2020.10.16-10.17.47:453][  0]LogPackageLocalizationCache: Processed 11 localized package path(s) for 2 prioritized culture(s) in 0.146388 seconds
[2020.10.16-10.17.47:459][  0]LogUObjectArray: 38425 objects as part of root set at end of initial load.
[2020.10.16-10.17.47:459][  0]LogUObjectAllocator: 6690872 out of 0 bytes used by permanent object pool.
[2020.10.16-10.17.47:459][  0]LogUObjectArray: CloseDisregardForGC: 0/0 objects in disregard for GC pool
[2020.10.16-10.18.06:780][  0]LogTcpMessaging: Initializing TcpMessaging bridge
[2020.10.16-10.18.06:804][  0]LogUdpMessaging: Initializing bridge on interface 0.0.0.0:0 to multicast group 230.0.0.1:6666.
[2020.10.16-10.18.07:135][  0]SourceControl: Source control is disabled
[2020.10.16-10.18.07:135][  0]SourceControl: Source control is disabled
[2020.10.16-10.18.07:167][  0]SourceControl: Source control is disabled
[2020.10.16-10.18.07:180][  0]SourceControl: Source control is disabled
[2020.10.16-10.18.07:690][  0]LogAndroidPermission: UAndroidPermissionCallbackProxy::GetInstance
[2020.10.16-10.18.07:793][  0]LogOcInput: OculusInput pre-init called
[2020.10.16-10.18.07:949][  0]LogEngine: Initializing Engine...
[2020.10.16-10.18.07:950][  0]LogHMD: Failed to initialize OpenVR with code 110
[2020.10.16-10.18.07:951][  0]LogStats: UGameplayTagsManager::ConstructGameplayTagTree: ImportINI prefixes -  0.000 s
[2020.10.16-10.18.07:951][  0]LogStats: UGameplayTagsManager::ConstructGameplayTagTree: Construct from data asset -  0.000 s
[2020.10.16-10.18.07:951][  0]LogStats: UGameplayTagsManager::ConstructGameplayTagTree: ImportINI -  0.000 s
[2020.10.16-10.18.07:951][  0]LogStats: UGameplayTagsManager::ConstructGameplayTagTree: GameplayTagTreeChangedEvent.Broadcast -  0.000 s
[2020.10.16-10.18.08:168][  0]LogInit: Initializing FReadOnlyCVARCache
[2020.10.16-10.18.08:237][  0]LogAIModule: Creating AISystem for world Untitled
[2020.10.16-10.18.08:248][  0]LogInit: XAudio2 using 'Altavoces (5- USB Audio Device)' : 2 channels at 48 kHz using 16 bits per sample (channel mask 0x3)
[2020.10.16-10.18.08:265][  0]LogInit: FAudioDevice initialized.
[2020.10.16-10.18.08:265][  0]LogNetVersion: Set ProjectVersion to 1.0.0.0. Version Checksum will be recalculated on next use.
[2020.10.16-10.18.08:555][  0]LogDerivedDataCache: Saved boot cache 0.29s 71MB C:/Users/Usuario/AppData/Local/UnrealEngine/4.20/DerivedDataCache/Boot.ddc.
[2020.10.16-10.18.08:562][  0]LogInit: Texture streaming: Enabled
[2020.10.16-10.18.08:715][  0]LogEngineSessionManager: EngineSessionManager initialized
[2020.10.16-10.18.08:807][  0]LogInit: Transaction tracking system initialized
[2020.10.16-10.18.08:956][  0]BlueprintLog: New page: Editor Load
[2020.10.16-10.18.09:350][  0]LocalizationService: Localization service is disabled
[2020.10.16-10.18.10:267][  0]LogCook: Display: Max memory allowance for cook 16384mb min free memory 0mb
[2020.10.16-10.18.10:267][  0]LogCook: Display: Mobile HDR setting 1
[2020.10.16-10.18.10:275][  0]LogFileCache: Scanning file cache for directory 'F:/UnrealProjects/UnrealTutorials/TutorialBP/BlueprintTutorial2/Content/' took 0.02s
[2020.10.16-10.18.10:275][  0]LogGameplayTags: Display: UGameplayTagsManager::DoneAddingNativeTags. DelegateIsBound: 0
[2020.10.16-10.18.10:275][  0]LogStats: UGameplayTagsManager::ConstructGameplayTagTree: ImportINI prefixes -  0.000 s
[2020.10.16-10.18.10:275][  0]LogStats: UGameplayTagsManager::ConstructGameplayTagTree: Construct from data asset -  0.000 s
[2020.10.16-10.18.10:275][  0]LogStats: UGameplayTagsManager::ConstructGameplayTagTree: ImportINI -  0.000 s
[2020.10.16-10.18.10:275][  0]LogStats: UGameplayTagsManager::ConstructGameplayTagTree: GameplayTagTreeChangedEvent.Broadcast -  0.000 s
[2020.10.16-10.18.11:562][  0]SourceControl: Source control is disabled
[2020.10.16-10.18.11:562][  0]Cmd: MAP LOAD FILE="../../../../UnrealProjects/UnrealTutorials/TutorialBP/BlueprintTutorial2/Content/ThirdPersonBP/Maps/ThirdPersonExampleMap.umap" TEMPLATE=0 SHOWPROGRESS=1 FEATURELEVEL=3
[2020.10.16-10.18.11:563][  0]LightingResults: New page: Lighting Build
[2020.10.16-10.18.11:593][  0]MapCheck: New page: Map Check
[2020.10.16-10.18.11:593][  0]LightingResults: New page: Lighting Build
[2020.10.16-10.18.13:301][  0]LogAIModule: Creating AISystem for world ThirdPersonExampleMap
[2020.10.16-10.18.13:511][  0]LogEditorServer: Finished looking for orphan Actors (0.000 secs)
[2020.10.16-10.18.13:540][  0]Cmd: MAP CHECKDEP NOCLEARLOG
[2020.10.16-10.18.13:611][  0]MapCheck: Map check complete: 0 Error(s), 0 Warning(s), took 70.831ms to complete.
[2020.10.16-10.18.13:611][  0]LogFileHelpers: Loading map 'ThirdPersonExampleMap' took 2.049
[2020.10.16-10.18.14:198][  0]LogSlate: Updating window title bar state: overlay mode, drag disabled, window buttons hidden, title bar hidden
[2020.10.16-10.18.14:216][  0]LogSlate: Updating window title bar state: overlay mode, drag disabled, window buttons hidden, title bar hidden
[2020.10.16-10.18.14:223][  0]LogSlate: Updating window title bar state: overlay mode, drag disabled, window buttons hidden, title bar hidden
[2020.10.16-10.18.14:231][  0]LogSlate: Updating window title bar state: overlay mode, drag disabled, window buttons hidden, title bar hidden
[2020.10.16-10.18.14:273][  0]LogCollectionManager: Loaded 0 collections in 0.002320 seconds
[2020.10.16-10.18.14:411][  0]LogFileCache: Scanning file cache for directory 'F:/UnrealProjects/UnrealTutorials/TutorialBP/BlueprintTutorial2/Saved/Collections/' took 0.01s
[2020.10.16-10.18.14:411][  0]LogFileCache: Scanning file cache for directory 'F:/UnrealProjects/UnrealTutorials/TutorialBP/BlueprintTutorial2/Content/Developers/Usuario/Collections/' took 0.01s
[2020.10.16-10.18.14:411][  0]LogFileCache: Scanning file cache for directory 'F:/UnrealProjects/UnrealTutorials/TutorialBP/BlueprintTutorial2/Content/Collections/' took 0.01s
[2020.10.16-10.18.14:411][  0]LogCollectionManager: Rebuilt the GUID cache for 0 collections in 0.000000 seconds
[2020.10.16-10.18.14:422][  0]LogContentBrowser: Native class hierarchy populated in 0.0098 seconds. Added 2573 classes and 605 folders.
[2020.10.16-10.18.14:535][  0]LogContentBrowser: Native class hierarchy updated for 'WidgetCarousel' in 0.0003 seconds. Added 0 classes and 0 folders.
[2020.10.16-10.18.14:962][  0]LogContentBrowser: Native class hierarchy updated for 'AddContentDialog' in 0.0003 seconds. Added 0 classes and 0 folders.
[2020.10.16-10.18.15:428][  0]LogSlate: Took 0.052907 seconds to synchronously load lazily loaded font '../../../Engine/Content/Slate/Fonts/Roboto-Regular.ttf' (155K)
[2020.10.16-10.18.15:440][  0]LogSlate: Took 0.010378 seconds to synchronously load lazily loaded font '../../../Engine/Content/Slate/Fonts/Roboto-Bold.ttf' (160K)
[2020.10.16-10.18.15:495][  0]LogSlate: Took 0.019719 seconds to synchronously load lazily loaded font '../../../Engine/Content/Editor/Slate/Fonts/FontAwesome.ttf' (139K)
[2020.10.16-10.18.15:879][  0]LogRenderer: Reallocating scene render targets to support 1208x628 Format 10 NumSamples 1 (Frame:1).
[2020.10.16-10.18.16:269][  0]LogContentBrowser: Native class hierarchy updated for 'HierarchicalLODOutliner' in 0.0003 seconds. Added 0 classes and 0 folders.
[2020.10.16-10.18.16:269][  0]LogLoad: (Engine Initialization) Total time: 68.53 seconds
[2020.10.16-10.18.16:269][  0]LogLoad: (Engine Initialization) Total Blueprint compile time: 0.00 seconds
[2020.10.16-10.18.16:349][  0]LogContentStreaming: Texture pool size now 1000 MB
[2020.10.16-10.18.16:528][  0]LogSlate: Took 0.019609 seconds to synchronously load lazily loaded font '../../../Engine/Content/Slate/Fonts/Roboto-Light.ttf' (167K)
[2020.10.16-10.18.16:578][  1]LogAssetRegistry: Asset discovery search completed in 30.7293 seconds
[2020.10.16-10.18.16:589][  1]LogCollectionManager: Rebuilt the object cache for 0 collections in 0.000000 seconds (found 0 objects)
[2020.10.16-10.18.16:589][  1]LogCollectionManager: Fixed up redirectors for 0 collections in 0.000124 seconds (updated 0 objects)
[2020.10.16-10.18.20:641][221]LogSlate: FSceneViewport::OnFocusLost() reason 0
[2020.10.16-10.18.20:801][237]LogSlate: Took 0.000224 seconds to synchronously load lazily loaded font '../../../Engine/Content/Slate/Fonts/Roboto-Light.ttf' (167K)
[2020.10.16-10.18.21:150][237]LogAIModule: Creating AISystem for world NewMap
[2020.10.16-10.18.21:371][237]LogAssetEditorManager: Opening Asset editor for World /Game/Maps/NewMap.NewMap
[2020.10.16-10.18.21:515][237]Cmd: MAP LOAD FILE="../../../../UnrealProjects/UnrealTutorials/TutorialBP/BlueprintTutorial2/Content/Maps/NewMap.umap" TEMPLATE=0 SHOWPROGRESS=1 FEATURELEVEL=3
[2020.10.16-10.18.21:515][237]LightingResults: New page: Lighting Build
[2020.10.16-10.18.21:516][237]LoadErrors: New page: Loading map: NewMap.umap
[2020.10.16-10.18.21:680][237]MapCheck: New page: Map Check
[2020.10.16-10.18.21:680][237]LightingResults: New page: Lighting Build
[2020.10.16-10.18.21:815][237]LogEditorServer: Finished looking for orphan Actors (0.000 secs)
[2020.10.16-10.18.21:867][237]Cmd: MAP CHECKDEP NOCLEARLOG
[2020.10.16-10.18.21:935][237]MapCheck: Map check complete: 0 Error(s), 0 Warning(s), took 67.324ms to complete.
[2020.10.16-10.18.21:936][237]LogFileHelpers: Loading map 'NewMap' took 0.484
[2020.10.16-10.18.30:144][182]LogSlate: FSceneViewport::OnFocusLost() reason 0
[2020.10.16-10.18.45:615][ 13]LogEditorViewport: Clicking on Actor (LMB): PointLight (PointLight)
[2020.10.16-10.18.55:888][155]LogSlate: FSceneViewport::OnFocusLost() reason 0
[2020.10.16-10.19.13:092][471]LogSlate: FSceneViewport::OnFocusLost() reason 0
[2020.10.16-10.19.13:733][522]LogSlate: Took 0.068711 seconds to synchronously load lazily loaded font '../../../Engine/Content/Slate/Fonts/Roboto-Italic.ttf' (157K)
[2020.10.16-10.19.33:032][821]LogSlate: Window 'Select Path' being destroyed
[2020.10.16-10.19.33:309][821]LogAssetEditorManager: Opening Asset editor for Blueprint /Game/Blueprints/PointLight_Blueprint.PointLight_Blueprint
[2020.10.16-10.19.34:595][821]LogContentBrowser: Native class hierarchy updated for 'BlueprintGraph' in 0.0006 seconds. Added 116 classes and 0 folders.
[2020.10.16-10.19.40:627][ 39]LogRenderer: Reallocating scene render targets to support 1208x900 Format 10 NumSamples 1 (Frame:208).
[2020.10.16-10.19.40:786][ 55]LogSlate: Window 'PointLight_Blueprint*' being destroyed
[2020.10.16-10.22.05:719][106]LogSlate: FSceneViewport::OnFocusLost() reason 0
[2020.10.16-10.22.05:779][106]LogSlate: Took 0.017659 seconds to synchronously load lazily loaded font '../../../Engine/Content/Slate/Fonts/Roboto-BoldCondensed.ttf' (158K)
[2020.10.16-10.22.14:062][ 44]LogSlate: FSceneViewport::OnFocusLost() reason 2
[2020.10.16-10.22.31:544][606]LogSlate: Window 'Delete Assets' being destroyed
[2020.10.16-10.22.31:554][606]LogSlate: FSceneViewport::OnFocusLost() reason 2
[2020.10.16-10.22.40:519][500]LogSlate: FSceneViewport::OnFocusLost() reason 0
[2020.10.16-10.22.51:830][801]LogSlate: FSceneViewport::OnFocusLost() reason 0
[2020.10.16-10.23.30:336][220]LogSlate: FSceneViewport::OnFocusLost() reason 0
[2020.10.16-10.23.31:777][380]LogAssetEditorManager: Opening Asset editor for LevelScriptBlueprint /Game/Maps/NewMap.NewMap:PersistentLevel.NewMap
[2020.10.16-10.23.34:099][615]LogSlate: Window 'NewMap* - Level Blueprint Editor' being destroyed
[2020.10.16-10.23.38:258][ 93]Cmd: OBJ SAVEPACKAGE PACKAGE="/Game/Maps/NewMap" FILE="../../../../UnrealProjects/UnrealTutorials/TutorialBP/BlueprintTutorial2/Content/Maps/NewMap.umap" SILENT=true AUTOSAVING=false KEEPDIRTY=false
[2020.10.16-10.23.38:458][ 93]LogSavePackage: Moving '../../../../UnrealProjects/UnrealTutorials/TutorialBP/BlueprintTutorial2/Saved/NewMapED2583594C6115C25341669E260C9ABB.tmp' to '../../../../UnrealProjects/UnrealTutorials/TutorialBP/BlueprintTutorial2/Content/Maps/NewMap.umap'
[2020.10.16-10.23.38:497][ 93]LogFileHelpers: Saving map 'NewMap' took 0.343
