Log file open, 10/16/20 15:23:51
LogWindows: Failed to load 'aqProf.dll' (GetLastError=126)
LogWindows: File 'aqProf.dll' does not exist
LogWindows: Failed to load 'VSPerf140.dll' (GetLastError=126)
LogWindows: File 'VSPerf140.dll' does not exist
LogWindows: Failed to load 'VtuneApi.dll' (GetLastError=126)
LogWindows: File 'VtuneApi.dll' does not exist
LogWindows: Failed to load 'VtuneApi32e.dll' (GetLastError=126)
LogWindows: File 'VtuneApi32e.dll' does not exist
LogInit: Display: Running engine for game: BlueprintsTutorial1
LogPlatformFile: Not using cached read wrapper
LogTaskGraph: Started task graph with 5 named threads and 23 total threads with 3 sets of task threads.
LogStats: Stats thread started at 0.270733
LogD3D11RHI: Loaded GFSDK_Aftermath_Lib.x64.dll
LogICUInternationalization: Display: ICU TimeZone Detection - Raw Offset: +1:00, Platform Override: ''
LogPluginManager: Mounting plugin Paper2D
LogPluginManager: Mounting plugin AISupport
LogPluginManager: Mounting plugin LightPropagationVolume
LogPluginManager: Mounting plugin CLionSourceCodeAccess
LogPluginManager: Mounting plugin CodeLiteSourceCodeAccess
LogPluginManager: Mounting plugin GitSourceControl
LogPluginManager: Mounting plugin KDevelopSourceCodeAccess
LogPluginManager: Mounting plugin NullSourceCodeAccess
LogPluginManager: Mounting plugin PerforceSourceControl
LogPluginManager: Mounting plugin SubversionSourceControl
LogPluginManager: Mounting plugin UObjectPlugin
LogPluginManager: Mounting plugin VisualStudioCodeSourceCodeAccess
LogPluginManager: Mounting plugin VisualStudioSourceCodeAccess
LogPluginManager: Mounting plugin XCodeSourceCodeAccess
LogPluginManager: Mounting plugin AssetManagerEditor
LogPluginManager: Mounting plugin CryptoKeys
LogPluginManager: Mounting plugin DataValidation
LogPluginManager: Mounting plugin FacialAnimation
LogPluginManager: Mounting plugin GameplayTagsEditor
LogPluginManager: Mounting plugin MacGraphicsSwitching
LogPluginManager: Mounting plugin MeshEditor
LogPluginManager: Mounting plugin MobileLauncherProfileWizard
LogPluginManager: Mounting plugin PluginBrowser
LogPluginManager: Mounting plugin SpeedTreeImporter
LogPluginManager: Mounting plugin DatasmithContent
LogPluginManager: Mounting plugin AlembicImporter
LogPluginManager: Mounting plugin AppleImageUtils
LogPluginManager: Mounting plugin AppleVision
LogPluginManager: Mounting plugin BackChannel
LogPluginManager: Mounting plugin CharacterAI
LogPluginManager: Mounting plugin GeometryCache
LogPluginManager: Mounting plugin HTML5Networking
LogPluginManager: Mounting plugin ProxyLODPlugin
LogPluginManager: Mounting plugin MagicLeap
LogPluginManager: Mounting plugin MagicLeapEmulator
LogPluginManager: Mounting plugin MagicLeapMedia
LogPluginManager: Mounting plugin AndroidMedia
LogPluginManager: Mounting plugin AvfMedia
LogPluginManager: Mounting plugin ImgMedia
LogPluginManager: Mounting plugin LinearTimecode
LogPluginManager: Mounting plugin MediaCompositing
LogPluginManager: Mounting plugin MediaPlayerEditor
LogPluginManager: Mounting plugin WmfMedia
LogPluginManager: Mounting plugin TcpMessaging
LogPluginManager: Mounting plugin UdpMessaging
LogPluginManager: Mounting plugin ActorSequence
LogPluginManager: Mounting plugin LevelSequenceEditor
LogPluginManager: Mounting plugin MatineeToLevelSequence
LogPluginManager: Mounting plugin NetcodeUnitTest
LogPluginManager: Mounting plugin NUTUnrealEngine4
LogPluginManager: Mounting plugin OnlineSubsystemGooglePlay
LogPluginManager: Mounting plugin OnlineSubsystemIOS
LogPluginManager: Mounting plugin OnlineSubsystem
LogPluginManager: Mounting plugin OnlineSubsystemNull
LogPluginManager: Mounting plugin OnlineSubsystemUtils
LogPluginManager: Mounting plugin LauncherChunkInstaller
LogPluginManager: Mounting plugin AndroidDeviceProfileSelector
LogPluginManager: Mounting plugin AndroidMoviePlayer
LogPluginManager: Mounting plugin AndroidPermission
LogPluginManager: Mounting plugin AppleMoviePlayer
LogPluginManager: Mounting plugin ArchVisCharacter
LogPluginManager: Mounting plugin AudioCapture
LogPluginManager: Mounting plugin CableComponent
LogPluginManager: Mounting plugin CustomMeshComponent
LogPluginManager: Mounting plugin EditableMesh
LogPluginManager: Mounting plugin ExampleDeviceProfileSelector
LogPluginManager: Mounting plugin GoogleCloudMessaging
LogPluginManager: Mounting plugin ImmediatePhysics
LogPluginManager: Mounting plugin IOSDeviceProfileSelector
LogPluginManager: Mounting plugin LinuxDeviceProfileSelector
LogPluginManager: Mounting plugin LocationServicesBPLibrary
LogPluginManager: Mounting plugin MobilePatchingUtils
LogPluginManager: Mounting plugin OculusVR
LogPluginManager: Plugin shader directory ../../../Engine/Plugins/Runtime/Oculus/OculusVR/Shaders found
LogPluginManager: Mapping shader source directory ../../../Engine/Plugins/Runtime/Oculus/OculusVR/Shaders to virtual directory /Plugin/OculusVR
LogPluginManager: Mounting plugin PhysXVehicles
LogPluginManager: Mounting plugin ProceduralMeshComponent
LogPluginManager: Mounting plugin RuntimePhysXCooking
LogPluginManager: Mounting plugin SteamVR
LogPluginManager: Mounting plugin WindowsMoviePlayer
LogStreaming: Display: Took  0.073s to configure plugins.
LogInit: Using libcurl 7.55.1-DEV
LogInit:  - built for x86_64-pc-win32
LogInit:  - supports SSL with OpenSSL/1.0.2h
LogInit:  - supports HTTP deflate (compression) using libz 1.2.8
LogInit:  - other features:
LogInit:      CURL_VERSION_SSL
LogInit:      CURL_VERSION_LIBZ
LogInit:      CURL_VERSION_IPV6
LogInit:      CURL_VERSION_ASYNCHDNS
LogInit:      CURL_VERSION_LARGEFILE
LogInit:      CURL_VERSION_IDN
LogInit:  CurlRequestOptions (configurable via config and command line):
LogInit:  - bVerifyPeer = false  - Libcurl will NOT verify peer certificate
LogInit:  - bUseHttpProxy = false  - Libcurl will NOT use HTTP proxy
LogInit:  - bDontReuseConnections = false  - Libcurl will reuse connections
LogInit:  - CertBundlePath = nullptr  - Libcurl will use whatever was configured at build time.
LogInit:  - MaxHostConnections = 16  - Libcurl will limit the number of connections to a host
LogInit:  - LocalHostAddr = Default
LogInit:  - BufferSize = 65536
LogInit: WinSock: version 1.1 (2.2), MaxSocks=32767, MaxUdp=65467
LogInit: Build: ++UE4+Release-4.20-CL-4369336
LogInit: Engine Version: 4.20.3-4369336+++UE4+Release-4.20
LogInit: Compatible Engine Version: 4.20.0-4212847+++UE4+Release-4.20
LogInit: Net CL: 4212847
LogInit: OS: Windows 10 (), CPU: Intel(R) Core(TM) i7-4790S CPU @ 3.20GHz, GPU: Intel(R) HD Graphics 4600
LogInit: Compiled (64-bit): Sep 17 2018 12:26:19
LogInit: Compiled with Visual C++: 19.13.26129.00
LogInit: Build Configuration: Development
LogInit: Branch Name: ++UE4+Release-4.20
LogInit: Command Line: -EpicPortal  -epicusername="Ikelos101" -epicuserid=ac7c401101894d0985b85269f7f8ae0c -epiclocale=es
LogInit: Base Directory: C:/Program Files/Epic Games/UE_4.20/Engine/Binaries/Win64/
LogInit: Installed Engine Build: 1
LogDevObjectVersion: Number of dev versions registered: 20
LogDevObjectVersion:   Dev-Blueprints (B0D832E4-1F89-4F0D-ACCF-7EB736FD4AA2): 10
LogDevObjectVersion:   Dev-Build (E1C64328-A22C-4D53-A36C-8E866417BD8C): 0
LogDevObjectVersion:   Dev-Core (375EC13C-06E4-48FB-B500-84F0262A717E): 2
LogDevObjectVersion:   Dev-Editor (E4B068ED-F494-42E9-A231-DA0B2E46BB41): 24
LogDevObjectVersion:   Dev-Framework (CFFC743F-43B0-4480-9391-14DF171D2073): 34
LogDevObjectVersion:   Dev-Mobile (B02B49B5-BB20-44E9-A304-32B752E40360): 2
LogDevObjectVersion:   Dev-Networking (A4E4105C-59A1-49B5-A7C5-40C4547EDFEE): 0
LogDevObjectVersion:   Dev-Online (39C831C9-5AE6-47DC-9A44-9C173E1C8E7C): 0
LogDevObjectVersion:   Dev-Physics (78F01B33-EBEA-4F98-B9B4-84EACCB95AA2): 0
LogDevObjectVersion:   Dev-Platform (6631380F-2D4D-43E0-8009-CF276956A95A): 0
LogDevObjectVersion:   Dev-Rendering (12F88B9F-8875-4AFC-A67C-D90C383ABD29): 26
LogDevObjectVersion:   Dev-Sequencer (7B5AE74C-D270-4C10-A958-57980B212A5A): 9
LogDevObjectVersion:   Dev-VR (D7296918-1DD6-4BDD-9DE2-64A83CC13884): 2
LogDevObjectVersion:   Dev-LoadTimes (C2A15278-BFE7-4AFE-6C17-90FF531DF755): 1
LogDevObjectVersion:   Private-Geometry (6EACA3D4-40EC-4CC1-B786-8BED09428FC5): 3
LogDevObjectVersion:   Dev-AnimPhys (29E575DD-E0A3-4627-9D10-D276232CDCEA): 17
LogDevObjectVersion:   Dev-ReflectionCapture (6B266CEC-1EC7-4B8F-A30B-E4D90942FC07): 1
LogDevObjectVersion:   Dev-Automation (0DF73D61-A23F-47EA-B727-89E90C41499A): 1
LogDevObjectVersion:   FortniteMain (601D1886-AC64-4F84-AA16-D3DE0DEAC7D6): 12
LogDevObjectVersion:   Dev-Enterprise (9DFFBCD6-494F-0158-E221-12823C92A888): 1
LogStreaming: Display: Took  0.000s to delete old logs.
LogInit: Presizing for max 8388607 objects, including 0 objects not considered by GC, pre-allocating 0 bytes for permanent pool.
LogInit: Object subsystem initialized
[2020.10.16-13.23.51:544][  0]LogInit: Selected Device Profile: [Windows]
[2020.10.16-13.23.51:544][  0]LogInit: Applying CVar settings loaded from the selected device profile: [Windows]
[2020.10.16-13.23.51:555][  0]LogHAL: Display: Platform has ~ 16 GB [17088516096 / 17179869184 / 16], which maps to Larger [LargestMinGB=32, LargerMinGB=12, DefaultMinGB=8, SmallerMinGB=6, SmallestMinGB=0)
[2020.10.16-13.23.51:555][  0]LogInit: Setting Device Profile CVar: [[r.Vulkan.UseRealUBs:1]]
[2020.10.16-13.23.51:555][  0]LogInit: Going up to parent DeviceProfile []
[2020.10.16-13.23.51:555][  0]LogInit: Computer: E118-16
[2020.10.16-13.23.51:555][  0]LogInit: User: sergibarrachina
[2020.10.16-13.23.51:555][  0]LogInit: CPU Page size=4096, Cores=4
[2020.10.16-13.23.51:555][  0]LogInit: High frequency timer resolution =3.117796 MHz
[2020.10.16-13.23.51:556][  0]LogMemory: Memory total: Physical=15.9GB (16GB approx)
[2020.10.16-13.23.51:556][  0]LogMemory: Platform Memory Stats for Windows
[2020.10.16-13.23.51:556][  0]LogMemory: Process Physical Memory: 99.52 MB used, 99.52 MB peak
[2020.10.16-13.23.51:556][  0]LogMemory: Process Virtual Memory: 90.81 MB used, 90.81 MB peak
[2020.10.16-13.23.51:556][  0]LogMemory: Physical Memory: 5764.88 MB used,  10532.00 MB free, 16296.88 MB total
[2020.10.16-13.23.51:556][  0]LogMemory: Virtual Memory: 508.95 MB used,  10532.00 MB free, 134217728.00 MB total
[2020.10.16-13.23.51:569][  0]LogInit: Using OS detected language (ca-ES).
[2020.10.16-13.23.51:569][  0]LogInit: Using OS detected locale (ca-ES).
[2020.10.16-13.23.51:569][  0]LogTextLocalizationManager: No localization for 'ca-ES' exists, so 'en' will be used for the language.
[2020.10.16-13.23.51:945][  0]LogStreaming: Display: Took  0.377s to InitEngineTextLocalization.
[2020.10.16-13.23.51:946][  0]LogInit: Setting process to per monitor DPI aware
[2020.10.16-13.23.51:967][  0]LogSlate: New Slate User Created.  User Index 0, Is Virtual User: 0
[2020.10.16-13.23.51:967][  0]LogSlate: Slate User Registered.  User Index 0, Is Virtual User: 0
[2020.10.16-13.23.52:123][  0]LogHMD: Failed to initialize OpenVR with code 110
[2020.10.16-13.23.52:123][  0]LogD3D11RHI: D3D11 adapters:
[2020.10.16-13.23.52:128][  0]LogD3D11RHI:    0. 'Intel(R) HD Graphics 4600' (Feature Level 11_0)
[2020.10.16-13.23.52:128][  0]LogD3D11RHI:       112/0/2048 MB DedicatedVideo/DedicatedSystem/SharedSystem, Outputs:1, VendorId:0x8086
[2020.10.16-13.23.52:129][  0]LogD3D11RHI:    1. 'Microsoft Basic Render Driver' (Feature Level 11_0)
[2020.10.16-13.23.52:129][  0]LogD3D11RHI:       0/0/8148 MB DedicatedVideo/DedicatedSystem/SharedSystem, Outputs:0, VendorId:0x1414
[2020.10.16-13.23.52:129][  0]LogD3D11RHI: Chosen D3D11 Adapter: 0
[2020.10.16-13.23.52:135][  0]LogD3D11RHI: Creating new Direct3DDevice
[2020.10.16-13.23.52:135][  0]LogD3D11RHI:     GPU DeviceId: 0x412 (for the marketing name, search the web for "GPU Device Id")
[2020.10.16-13.23.52:135][  0]LogWindows: EnumDisplayDevices:
[2020.10.16-13.23.52:135][  0]LogWindows:    0. 'Intel(R) HD Graphics 4600' (P:1 D:1)
[2020.10.16-13.23.52:135][  0]LogWindows:    1. 'Intel(R) HD Graphics 4600' (P:0 D:0)
[2020.10.16-13.23.52:135][  0]LogWindows: DebugString: FoundDriverCount:2 
[2020.10.16-13.23.52:135][  0]LogD3D11RHI:     Adapter Name: Intel(R) HD Graphics 4600
[2020.10.16-13.23.52:135][  0]LogD3D11RHI:   Driver Version: 20.19.15.4549 (internal:20.19.15.4549, unified:20.19.15.4549)
[2020.10.16-13.23.52:135][  0]LogD3D11RHI:      Driver Date: 11-10-2016
[2020.10.16-13.23.52:135][  0]LogRHI: Texture pool is 795 MB (70% of 1136 MB)
[2020.10.16-13.23.52:139][  0]LogD3D11RHI: Async texture creation enabled
[2020.10.16-13.23.52:143][  0]LogD3D11RHI: GPU Timing Frequency: 12.500000 (Debug: 2 0)
[2020.10.16-13.23.52:143][  0]LogShaderCompilers: Guid format shader working directory is 7 characters bigger than the processId version (D:/ProjectesUnreal/TutorialBP/BlueprintsTutorial1/Intermediate/Shaders/WorkingDirectory/10224/).
[2020.10.16-13.23.52:143][  0]LogShaderCompilers: Cleaned the shader compiler working directory 'C:/Users/sergi.barrachina/AppData/Local/Temp/UnrealShaderWorkingDir/9C98130345E200DB0BF033B14D56BA1F/'.
[2020.10.16-13.23.52:351][  0]LogTemp: Display: Loaded TP AllDesktopTargetPlatform
[2020.10.16-13.23.52:362][  0]LogTemp: Display: Loaded TP MacClientTargetPlatform
[2020.10.16-13.23.52:376][  0]LogTemp: Display: Loaded TP MacNoEditorTargetPlatform
[2020.10.16-13.23.52:388][  0]LogTemp: Display: Loaded TP MacServerTargetPlatform
[2020.10.16-13.23.52:399][  0]LogTemp: Display: Loaded TP MacTargetPlatform
[2020.10.16-13.23.52:411][  0]LogTemp: Display: Loaded TP WindowsClientTargetPlatform
[2020.10.16-13.23.52:423][  0]LogTemp: Display: Loaded TP WindowsNoEditorTargetPlatform
[2020.10.16-13.23.52:434][  0]LogTemp: Display: Loaded TP WindowsServerTargetPlatform
[2020.10.16-13.23.52:439][  0]LogTemp: Display: Loaded TP WindowsTargetPlatform
[2020.10.16-13.23.52:511][  0]LogTemp: Display: Loaded TP AndroidTargetPlatform
[2020.10.16-13.23.52:511][  0]LogTemp: Display: Loaded TP AndroidTargetPlatform
[2020.10.16-13.23.52:511][  0]LogTemp: Display: Loaded TP AndroidTargetPlatform
[2020.10.16-13.23.52:511][  0]LogTemp: Display: Loaded TP AndroidTargetPlatform
[2020.10.16-13.23.52:511][  0]LogTemp: Display: Loaded TP AndroidTargetPlatform
[2020.10.16-13.23.52:511][  0]LogTemp: Display: Loaded TP AndroidTargetPlatform
[2020.10.16-13.23.52:511][  0]LogTemp: Display: Loaded TP AndroidTargetPlatform
[2020.10.16-13.23.52:511][  0]LogTemp: Display: Loaded TP AndroidTargetPlatform
[2020.10.16-13.23.52:511][  0]LogTemp: Display: Loaded TP AndroidTargetPlatform
[2020.10.16-13.23.52:511][  0]LogTemp: Display: Loaded TP AndroidTargetPlatform
[2020.10.16-13.23.52:511][  0]LogTemp: Display: Loaded TP AndroidTargetPlatform
[2020.10.16-13.23.52:511][  0]LogTemp: Display: Loaded TP AndroidTargetPlatform
[2020.10.16-13.23.52:511][  0]LogTemp: Display: Loaded TP AndroidTargetPlatform
[2020.10.16-13.23.52:511][  0]LogTemp: Display: Loaded TP AndroidTargetPlatform
[2020.10.16-13.23.52:511][  0]LogTemp: Display: Loaded TP AndroidTargetPlatform
[2020.10.16-13.23.52:511][  0]LogTemp: Display: Loaded TP AndroidTargetPlatform
[2020.10.16-13.23.52:511][  0]LogTemp: Display: Loaded TP AndroidTargetPlatform
[2020.10.16-13.23.52:511][  0]LogTemp: Display: Loaded TP AndroidTargetPlatform
[2020.10.16-13.23.52:512][  0]LogTemp: Display: Loaded TP HTML5TargetPlatform
[2020.10.16-13.23.52:569][  0]LogTemp: Display: Loaded TP IOSTargetPlatform
[2020.10.16-13.23.52:569][  0]LogTemp: Display: Loaded TP IOSTargetPlatform
[2020.10.16-13.23.52:626][  0]LogTemp: Display: Loaded TP TVOSTargetPlatform
[2020.10.16-13.23.52:626][  0]LogTemp: Display: Loaded TP TVOSTargetPlatform
[2020.10.16-13.23.52:640][  0]LogTemp: Display: Loaded TP LinuxClientTargetPlatform
[2020.10.16-13.23.52:653][  0]LogTemp: Display: Loaded TP LinuxNoEditorTargetPlatform
[2020.10.16-13.23.52:665][  0]LogTemp: Display: Loaded TP LinuxServerTargetPlatform
[2020.10.16-13.23.52:676][  0]LogTemp: Display: Loaded TP LinuxTargetPlatform
[2020.10.16-13.23.52:683][  0]LogTemp: Display: Loaded TP LuminTargetPlatform
[2020.10.16-13.23.52:683][  0]LogTargetPlatformManager: Display: Building Assets For Windows
[2020.10.16-13.23.52:724][  0]LogXGEController: Cannot use XGE Controller as Incredibuild is not installed on this machine.
[2020.10.16-13.23.52:724][  0]LogShaderCompilers: Cannot use XGE Shader Compiler as Incredibuild is not installed on this machine.
[2020.10.16-13.23.52:724][  0]LogShaderCompilers: Display: Using Local Shader Compiler.
[2020.10.16-13.23.53:419][  0]LogDerivedDataCache: Display: Max Cache Size: 512 MB
[2020.10.16-13.23.53:488][  0]LogDerivedDataCache: Loaded boot cache 0.07s 87MB C:/Users/sergi.barrachina/AppData/Local/UnrealEngine/4.20/DerivedDataCache/Boot.ddc.
[2020.10.16-13.23.53:488][  0]LogDerivedDataCache: Display: Loaded Boot cache: C:/Users/sergi.barrachina/AppData/Local/UnrealEngine/4.20/DerivedDataCache/Boot.ddc
[2020.10.16-13.23.53:488][  0]LogDerivedDataCache: FDerivedDataBackendGraph:  Pak pak cache file D:/ProjectesUnreal/TutorialBP/BlueprintsTutorial1/DerivedDataCache/DDC.ddp not found, will not use a pak cache.
[2020.10.16-13.23.53:488][  0]LogDerivedDataCache: Unable to find inner node Pak for hierarchical cache Hierarchy.
[2020.10.16-13.23.53:488][  0]LogDerivedDataCache: FDerivedDataBackendGraph:  CompressedPak pak cache file D:/ProjectesUnreal/TutorialBP/BlueprintsTutorial1/DerivedDataCache/Compressed.ddp not found, will not use a pak cache.
[2020.10.16-13.23.53:488][  0]LogDerivedDataCache: Unable to find inner node CompressedPak for hierarchical cache Hierarchy.
[2020.10.16-13.23.53:499][  0]LogDerivedDataCache: Display: Pak cache opened for reading ../../../Engine/DerivedDataCache/Compressed.ddp.
[2020.10.16-13.23.53:511][  0]LogDerivedDataCache: Using Local data cache path C:/Users/sergi.barrachina/AppData/Local/UnrealEngine/Common/DerivedDataCache: Writable
[2020.10.16-13.23.53:511][  0]LogDerivedDataCache: Shared data cache path not found in *engine.ini, will not use an Shared cache.
[2020.10.16-13.23.53:511][  0]LogDerivedDataCache: Unable to find inner node Shared for hierarchical cache Hierarchy.
[2020.10.16-13.23.53:528][  0]LogMaterial: Verifying Global Shaders for PCD3D_SM5
[2020.10.16-13.23.53:529][  0]LogSlate: Using FreeType 2.6.0
[2020.10.16-13.23.53:530][  0]LogSlate: SlateFontServices - WITH_FREETYPE: 1, WITH_HARFBUZZ: 1
[2020.10.16-13.23.53:601][  0]LogAssetRegistry: FAssetRegistry took 0.0257 seconds to start up
[2020.10.16-13.23.53:896][  0]LogInit: Selected Device Profile: [Windows]
[2020.10.16-13.23.54:023][  0]LogSimplygon: Simplygon DLL not present - disabling.
[2020.10.16-13.23.54:026][  0]LogMeshReduction: Using SimplygonSwarm for distributed automatic mesh merging
[2020.10.16-13.23.54:026][  0]LogMeshReduction: Using ProxyLODMeshReduction for automatic mesh merging
[2020.10.16-13.23.54:026][  0]LogMeshReduction: Using QuadricMeshReduction for automatic static mesh reduction
[2020.10.16-13.23.54:026][  0]LogMeshReduction: No automatic skeletal mesh reduction module available
[2020.10.16-13.23.54:037][  0]LogNetVersion: BlueprintsTutorial1 1.0.0, NetCL: 4212847, EngineNetVer: 5, GameNetVer: 0 (Checksum: 3600895477)
[2020.10.16-13.23.54:433][  0]LogPackageLocalizationCache: Processed 11 localized package path(s) for 1 prioritized culture(s) in 0.045076 seconds
[2020.10.16-13.23.54:439][  0]LogUObjectArray: 38425 objects as part of root set at end of initial load.
[2020.10.16-13.23.54:439][  0]LogUObjectAllocator: 6690864 out of 0 bytes used by permanent object pool.
[2020.10.16-13.23.54:439][  0]LogUObjectArray: CloseDisregardForGC: 0/0 objects in disregard for GC pool
[2020.10.16-13.23.55:189][  0]LogTcpMessaging: Initializing TcpMessaging bridge
[2020.10.16-13.23.55:202][  0]LogUdpMessaging: Initializing bridge on interface 0.0.0.0:0 to multicast group 230.0.0.1:6666.
[2020.10.16-13.23.55:361][  0]SourceControl: Source control is disabled
[2020.10.16-13.23.55:361][  0]SourceControl: Source control is disabled
[2020.10.16-13.23.55:362][  0]SourceControl: Source control is disabled
[2020.10.16-13.23.55:363][  0]SourceControl: Source control is disabled
[2020.10.16-13.23.55:515][  0]LogAndroidPermission: UAndroidPermissionCallbackProxy::GetInstance
[2020.10.16-13.23.55:548][  0]LogOcInput: OculusInput pre-init called
[2020.10.16-13.23.55:601][  0]LogEngine: Initializing Engine...
[2020.10.16-13.23.55:602][  0]LogHMD: Failed to initialize OpenVR with code 110
[2020.10.16-13.23.55:603][  0]LogStats: UGameplayTagsManager::ConstructGameplayTagTree: ImportINI prefixes -  0.000 s
[2020.10.16-13.23.55:603][  0]LogStats: UGameplayTagsManager::ConstructGameplayTagTree: Construct from data asset -  0.000 s
[2020.10.16-13.23.55:603][  0]LogStats: UGameplayTagsManager::ConstructGameplayTagTree: ImportINI -  0.000 s
[2020.10.16-13.23.55:603][  0]LogStats: UGameplayTagsManager::ConstructGameplayTagTree: GameplayTagTreeChangedEvent.Broadcast -  0.000 s
[2020.10.16-13.23.55:797][  0]LogInit: Initializing FReadOnlyCVARCache
[2020.10.16-13.23.55:810][  0]LogAIModule: Creating AISystem for world Untitled
[2020.10.16-13.23.55:819][  0]LogInit: XAudio2 using 'Altavoces (2- Realtek High Definition Audio)' : 2 channels at 48 kHz using 32 bits per sample (channel mask 0x3)
[2020.10.16-13.23.55:839][  0]LogInit: FAudioDevice initialized.
[2020.10.16-13.23.55:839][  0]LogNetVersion: Set ProjectVersion to 1.0.0.0. Version Checksum will be recalculated on next use.
[2020.10.16-13.23.55:920][  0]LogDerivedDataCache: Saved boot cache 0.08s 87MB C:/Users/sergi.barrachina/AppData/Local/UnrealEngine/4.20/DerivedDataCache/Boot.ddc.
[2020.10.16-13.23.55:927][  0]LogInit: Texture streaming: Enabled
[2020.10.16-13.23.55:940][  0]LogEngineSessionManager: EngineSessionManager initialized
[2020.10.16-13.23.55:951][  0]LogInit: Transaction tracking system initialized
[2020.10.16-13.23.55:967][  0]BlueprintLog: New page: Editor Load
[2020.10.16-13.23.56:021][  0]LocalizationService: Localization service is disabled
[2020.10.16-13.23.56:465][  0]LogCook: Display: Max memory allowance for cook 16384mb min free memory 0mb
[2020.10.16-13.23.56:466][  0]LogCook: Display: Mobile HDR setting 1
[2020.10.16-13.23.56:467][  0]LogGameplayTags: Display: UGameplayTagsManager::DoneAddingNativeTags. DelegateIsBound: 0
[2020.10.16-13.23.56:467][  0]LogStats: UGameplayTagsManager::ConstructGameplayTagTree: ImportINI prefixes -  0.000 s
[2020.10.16-13.23.56:467][  0]LogStats: UGameplayTagsManager::ConstructGameplayTagTree: Construct from data asset -  0.000 s
[2020.10.16-13.23.56:467][  0]LogStats: UGameplayTagsManager::ConstructGameplayTagTree: ImportINI -  0.000 s
[2020.10.16-13.23.56:467][  0]LogStats: UGameplayTagsManager::ConstructGameplayTagTree: GameplayTagTreeChangedEvent.Broadcast -  0.000 s
[2020.10.16-13.23.56:488][  0]LogFileCache: Scanning file cache for directory 'D:/ProjectesUnreal/TutorialBP/BlueprintsTutorial1/Content/' took 0.02s
[2020.10.16-13.23.56:591][  0]SourceControl: Source control is disabled
[2020.10.16-13.23.56:591][  0]Cmd: MAP LOAD FILE="D:/ProjectesUnreal/TutorialBP/BlueprintsTutorial1/Content/SideScrollerBP/Maps/SideScrollerExampleMap.umap" TEMPLATE=0 SHOWPROGRESS=1 FEATURELEVEL=3
[2020.10.16-13.23.56:591][  0]LightingResults: New page: Lighting Build
[2020.10.16-13.23.56:593][  0]MapCheck: New page: Map Check
[2020.10.16-13.23.56:593][  0]LightingResults: New page: Lighting Build
[2020.10.16-13.23.56:807][  0]LogLinker: Warning: Can't find file '/Game/SideScrollerBP/Maps/SideScrollerExampleMap_BuiltData'
[2020.10.16-13.23.56:807][  0]LogLinker: Warning: Can't find file for asset '/Game/SideScrollerBP/Maps/SideScrollerExampleMap_BuiltData' while loading D:/ProjectesUnreal/TutorialBP/BlueprintsTutorial1/Content/SideScrollerBP/Maps/SideScrollerExampleMap.umap.
[2020.10.16-13.23.56:807][  0]LoadErrors: Error: /Game/SideScrollerBP/Maps/SideScrollerExampleMap : Can't find file for asset. /Game/SideScrollerBP/Maps/SideScrollerExampleMap_BuiltData
[2020.10.16-13.23.56:814][  0]LogLinker: Warning: Can't find file '/Game/SideScrollerBP/Maps/SideScrollerExampleMap_BuiltData'
[2020.10.16-13.23.56:814][  0]LogLinker: Warning: Can't find file for asset '/Game/SideScrollerBP/Maps/SideScrollerExampleMap_BuiltData' while loading D:/ProjectesUnreal/TutorialBP/BlueprintsTutorial1/Content/SideScrollerBP/Maps/SideScrollerExampleMap.umap.
[2020.10.16-13.23.56:814][  0]LoadErrors: Error: /Game/SideScrollerBP/Maps/SideScrollerExampleMap : Can't find file for asset. /Game/SideScrollerBP/Maps/SideScrollerExampleMap_BuiltData
[2020.10.16-13.23.56:815][  0]LogLinker: Warning: Can't find file '/Game/SideScrollerBP/Maps/SideScrollerExampleMap_BuiltData'
[2020.10.16-13.23.56:815][  0]LogLinker: Warning: Can't find file for asset '/Game/SideScrollerBP/Maps/SideScrollerExampleMap_BuiltData' while loading NULL.
[2020.10.16-13.23.56:815][  0]LogLinker: Warning: Can't find file '/Game/SideScrollerBP/Maps/SideScrollerExampleMap_BuiltData'
[2020.10.16-13.23.56:815][  0]LogLinker: Warning: Can't find file for asset '/Game/SideScrollerBP/Maps/SideScrollerExampleMap_BuiltData' while loading NULL.
[2020.10.16-13.23.56:868][  0]LogLinker: Warning: Can't find file '/Game/SideScrollerBP/Maps/SideScrollerExampleMap_BuiltData'
[2020.10.16-13.23.56:868][  0]LoadErrors: Failed to load /Game/SideScrollerBP/Maps/SideScrollerExampleMap_BuiltData.SideScrollerExampleMap_BuiltData Referenced by PersistentLevel
[2020.10.16-13.23.56:868][  0]LogLinker: Warning: Can't find file for asset '/Game/SideScrollerBP/Maps/SideScrollerExampleMap_BuiltData' while loading NULL.
[2020.10.16-13.23.56:868][  0]LoadErrors: Failed to load /Game/SideScrollerBP/Maps/SideScrollerExampleMap_BuiltData.SideScrollerExampleMap_BuiltData Referenced by PersistentLevel
[2020.10.16-13.23.57:018][  0]LogAIModule: Creating AISystem for world SideScrollerExampleMap
[2020.10.16-13.23.57:050][  0]LogEditorServer: Finished looking for orphan Actors (0.000 secs)
[2020.10.16-13.23.57:072][  0]Cmd: MAP CHECKDEP NOCLEARLOG
[2020.10.16-13.23.57:126][  0]MapCheck: Map check complete: 0 Error(s), 0 Warning(s), took 53,111ms to complete.
[2020.10.16-13.23.57:126][  0]LogFileHelpers: Loading map 'SideScrollerExampleMap' took 0.535
[2020.10.16-13.23.57:187][  0]LogWindowsTextInputMethodSystem: Display: IME system now deactivated.
[2020.10.16-13.23.57:302][  0]LogSlate: Updating window title bar state: overlay mode, drag disabled, window buttons hidden, title bar hidden
[2020.10.16-13.23.57:316][  0]LogSlate: Updating window title bar state: overlay mode, drag disabled, window buttons hidden, title bar hidden
[2020.10.16-13.23.57:326][  0]LogSlate: Updating window title bar state: overlay mode, drag disabled, window buttons hidden, title bar hidden
[2020.10.16-13.23.57:336][  0]LogSlate: Updating window title bar state: overlay mode, drag disabled, window buttons hidden, title bar hidden
[2020.10.16-13.23.57:349][  0]LogCollectionManager: Loaded 0 collections in 0.001073 seconds
[2020.10.16-13.23.57:433][  0]LogFileCache: Scanning file cache for directory 'D:/ProjectesUnreal/TutorialBP/BlueprintsTutorial1/Saved/Collections/' took 0.01s
[2020.10.16-13.23.57:434][  0]LogFileCache: Scanning file cache for directory 'D:/ProjectesUnreal/TutorialBP/BlueprintsTutorial1/Content/Developers/sergibarrachina/Collections/' took 0.01s
[2020.10.16-13.23.57:434][  0]LogFileCache: Scanning file cache for directory 'D:/ProjectesUnreal/TutorialBP/BlueprintsTutorial1/Content/Collections/' took 0.01s
[2020.10.16-13.23.57:434][  0]LogCollectionManager: Rebuilt the GUID cache for 0 collections in 0.000001 seconds
[2020.10.16-13.23.57:465][  0]LogContentBrowser: Native class hierarchy populated in 0.0280 seconds. Added 2572 classes and 603 folders.
[2020.10.16-13.23.57:482][  0]LogContentBrowser: Native class hierarchy updated for 'WidgetCarousel' in 0.0004 seconds. Added 0 classes and 0 folders.
[2020.10.16-13.23.57:706][  0]LogContentBrowser: Native class hierarchy updated for 'AddContentDialog' in 0.0003 seconds. Added 0 classes and 0 folders.
[2020.10.16-13.23.57:731][  0]LogContentBrowser: Native class hierarchy updated for 'SceneOutliner' in 0.0003 seconds. Added 1 classes and 2 folders.
[2020.10.16-13.23.57:782][  0]LogSlate: Took 0.000143 seconds to synchronously load lazily loaded font '../../../Engine/Content/Slate/Fonts/Roboto-Regular.ttf' (155K)
[2020.10.16-13.23.57:784][  0]LogSlate: Took 0.000129 seconds to synchronously load lazily loaded font '../../../Engine/Content/Slate/Fonts/Roboto-Bold.ttf' (160K)
[2020.10.16-13.23.57:793][  0]LogSlate: Took 0.001879 seconds to synchronously load lazily loaded font '../../../Engine/Content/Editor/Slate/Fonts/FontAwesome.ttf' (139K)
[2020.10.16-13.23.57:903][  0]LogRenderer: Reallocating scene render targets to support 1208x576 Format 10 NumSamples 1 (Frame:1).
[2020.10.16-13.23.58:383][  0]LogSlate: FSceneViewport::OnFocusLost() reason 2
[2020.10.16-13.23.58:399][  0]LogSlate: Window 'Tutorials' being destroyed
[2020.10.16-13.23.58:428][  0]LogContentBrowser: Native class hierarchy updated for 'HierarchicalLODOutliner' in 0.0003 seconds. Added 0 classes and 0 folders.
[2020.10.16-13.23.58:428][  0]LogLoad: (Engine Initialization) Total time: 8.21 seconds
[2020.10.16-13.23.58:428][  0]LogLoad: (Engine Initialization) Total Blueprint compile time: 0.00 seconds
[2020.10.16-13.23.58:466][  0]LogContentStreaming: Texture pool size now 1000 MB
[2020.10.16-13.23.58:469][  0]LogSlate: FSceneViewport::OnFocusLost() reason 2
[2020.10.16-13.23.58:510][  0]LogSlate: Took 0.001812 seconds to synchronously load lazily loaded font '../../../Engine/Content/Slate/Fonts/Roboto-Light.ttf' (167K)
[2020.10.16-13.23.59:146][  1]LogAssetRegistry: Asset discovery search completed in 5.5670 seconds
[2020.10.16-13.23.59:151][  1]LogCollectionManager: Rebuilt the object cache for 0 collections in 0.000000 seconds (found 0 objects)
[2020.10.16-13.23.59:151][  1]LogCollectionManager: Fixed up redirectors for 0 collections in 0.000060 seconds (updated 0 objects)
[2020.10.16-13.24.01:162][ 36]LogSlate: Window 'Message Log' being destroyed
[2020.10.16-13.24.01:174][ 36]LogSlate: Window 'Message Log' being destroyed
[2020.10.16-13.24.02:017][ 55]LogSlate: FSceneViewport::OnFocusLost() reason 0
[2020.10.16-13.24.03:618][ 90]LogTemp: Repeating last play command: Selected Viewport
[2020.10.16-13.24.03:637][ 90]LogBlueprintUserMessages: Early PlayInEditor Detection: Level '/Game/SideScrollerBP/Maps/SideScrollerExampleMap.SideScrollerExampleMap:PersistentLevel' has LevelScriptBlueprint '/Game/SideScrollerBP/Maps/SideScrollerExampleMap.SideScrollerExampleMap:PersistentLevel.SideScrollerExampleMap' with GeneratedClass '/Game/SideScrollerBP/Maps/SideScrollerExampleMap.SideScrollerExampleMap_C' with ClassGeneratedBy '/Game/SideScrollerBP/Maps/SideScrollerExampleMap.SideScrollerExampleMap:PersistentLevel.SideScrollerExampleMap'
[2020.10.16-13.24.03:639][ 90]LogPlayLevel: PlayLevel: No blueprints needed recompiling
[2020.10.16-13.24.03:658][ 90]PIE: New page: PIE session: SideScrollerExampleMap (16/10/2020 17:24:03)
[2020.10.16-13.24.03:658][ 90]LogPlayLevel: Creating play world package: /Game/SideScrollerBP/Maps/UEDPIE_0_SideScrollerExampleMap
[2020.10.16-13.24.03:684][ 90]LogPlayLevel: PIE: StaticDuplicateObject took: (0.026154s)
[2020.10.16-13.24.03:685][ 90]LogAIModule: Creating AISystem for world SideScrollerExampleMap
[2020.10.16-13.24.03:686][ 90]LogPlayLevel: PIE: World Init took: (0.001191s)
[2020.10.16-13.24.03:686][ 90]LogPlayLevel: PIE: Created PIE world by copying editor world from /Game/SideScrollerBP/Maps/SideScrollerExampleMap.SideScrollerExampleMap to /Game/SideScrollerBP/Maps/UEDPIE_0_SideScrollerExampleMap.SideScrollerExampleMap (0.027834s)
[2020.10.16-13.24.03:712][ 90]LogInit: XAudio2 using 'Altavoces (2- Realtek High Definition Audio)' : 2 channels at 48 kHz using 32 bits per sample (channel mask 0x3)
[2020.10.16-13.24.03:721][ 90]LogInit: FAudioDevice initialized.
[2020.10.16-13.24.03:769][ 90]LogLoad: Game class is 'SideScrollerGameMode_C'
[2020.10.16-13.24.03:779][ 90]LogWorld: Bringing World /Game/SideScrollerBP/Maps/UEDPIE_0_SideScrollerExampleMap.SideScrollerExampleMap up for play (max tick rate 0) at 2020.10.16-15.24.03
[2020.10.16-13.24.03:784][ 90]LogWorld: Bringing up level for play took: 0.007670
[2020.10.16-13.24.03:813][ 90]LogContentBrowser: Native class hierarchy updated for 'MovieSceneCapture' in 0.0009 seconds. Added 10 classes and 0 folders.
[2020.10.16-13.24.03:816][ 90]PIE: Play in editor start time for /Game/SideScrollerBP/Maps/UEDPIE_0_SideScrollerExampleMap 1,139
[2020.10.16-13.24.03:816][ 90]LogBlueprintUserMessages: Late PlayInEditor Detection: Level '/Game/SideScrollerBP/Maps/SideScrollerExampleMap.SideScrollerExampleMap:PersistentLevel' has LevelScriptBlueprint '/Game/SideScrollerBP/Maps/SideScrollerExampleMap.SideScrollerExampleMap:PersistentLevel.SideScrollerExampleMap' with GeneratedClass '/Game/SideScrollerBP/Maps/SideScrollerExampleMap.SideScrollerExampleMap_C' with ClassGeneratedBy '/Game/SideScrollerBP/Maps/SideScrollerExampleMap.SideScrollerExampleMap:PersistentLevel.SideScrollerExampleMap'
[2020.10.16-13.24.21:231][530]LogBlueprintUserMessages: Early EndPlayMap Detection: Level '/Game/SideScrollerBP/Maps/SideScrollerExampleMap.SideScrollerExampleMap:PersistentLevel' has LevelScriptBlueprint '/Game/SideScrollerBP/Maps/SideScrollerExampleMap.SideScrollerExampleMap:PersistentLevel.SideScrollerExampleMap' with GeneratedClass '/Game/SideScrollerBP/Maps/SideScrollerExampleMap.SideScrollerExampleMap_C' with ClassGeneratedBy '/Game/SideScrollerBP/Maps/SideScrollerExampleMap.SideScrollerExampleMap:PersistentLevel.SideScrollerExampleMap'
[2020.10.16-13.24.21:240][530]LogSlate: Updating window title bar state: overlay mode, drag disabled, window buttons hidden, title bar hidden
[2020.10.16-13.24.21:316][530]LogPlayLevel: Display: Shutting down PIE online subsystems
[2020.10.16-13.24.21:317][530]LogBlueprintUserMessages: Late EndPlayMap Detection: Level '/Game/SideScrollerBP/Maps/SideScrollerExampleMap.SideScrollerExampleMap:PersistentLevel' has LevelScriptBlueprint '/Game/SideScrollerBP/Maps/SideScrollerExampleMap.SideScrollerExampleMap:PersistentLevel.SideScrollerExampleMap' with GeneratedClass '/Game/SideScrollerBP/Maps/SideScrollerExampleMap.SideScrollerExampleMap_C' with ClassGeneratedBy '/Game/SideScrollerBP/Maps/SideScrollerExampleMap.SideScrollerExampleMap:PersistentLevel.SideScrollerExampleMap'
[2020.10.16-13.24.21:374][530]LogSlate: Updating window title bar state: overlay mode, drag disabled, window buttons hidden, title bar hidden
[2020.10.16-13.24.21:431][531]LogPlayLevel: Display: Destroying online subsystem :Context_3
[2020.10.16-13.24.26:043][627]LogSlate: FSceneViewport::OnFocusLost() reason 0
[2020.10.16-13.24.26:089][628]LogTemp: Repeating last play command: Selected Viewport
[2020.10.16-13.24.26:105][628]LogBlueprintUserMessages: Early PlayInEditor Detection: Level '/Game/SideScrollerBP/Maps/SideScrollerExampleMap.SideScrollerExampleMap:PersistentLevel' has LevelScriptBlueprint '/Game/SideScrollerBP/Maps/SideScrollerExampleMap.SideScrollerExampleMap:PersistentLevel.SideScrollerExampleMap' with GeneratedClass '/Game/SideScrollerBP/Maps/SideScrollerExampleMap.SideScrollerExampleMap_C' with ClassGeneratedBy '/Game/SideScrollerBP/Maps/SideScrollerExampleMap.SideScrollerExampleMap:PersistentLevel.SideScrollerExampleMap'
[2020.10.16-13.24.26:105][628]LogPlayLevel: PlayLevel: No blueprints needed recompiling
[2020.10.16-13.24.26:105][628]PIE: New page: PIE session: SideScrollerExampleMap (16/10/2020 17:24:26)
[2020.10.16-13.24.26:105][628]LogPlayLevel: Creating play world package: /Game/SideScrollerBP/Maps/UEDPIE_0_SideScrollerExampleMap
[2020.10.16-13.24.26:123][628]LogPlayLevel: PIE: StaticDuplicateObject took: (0.017941s)
[2020.10.16-13.24.26:124][628]LogAIModule: Creating AISystem for world SideScrollerExampleMap
[2020.10.16-13.24.26:124][628]LogPlayLevel: PIE: World Init took: (0.000864s)
[2020.10.16-13.24.26:124][628]LogPlayLevel: PIE: Created PIE world by copying editor world from /Game/SideScrollerBP/Maps/SideScrollerExampleMap.SideScrollerExampleMap to /Game/SideScrollerBP/Maps/UEDPIE_0_SideScrollerExampleMap.SideScrollerExampleMap (0.018961s)
[2020.10.16-13.24.26:151][628]LogInit: XAudio2 using 'Altavoces (2- Realtek High Definition Audio)' : 2 channels at 48 kHz using 32 bits per sample (channel mask 0x3)
[2020.10.16-13.24.26:166][628]LogInit: FAudioDevice initialized.
[2020.10.16-13.24.26:200][628]LogLoad: Game class is 'SideScrollerGameMode_C'
[2020.10.16-13.24.26:202][628]LogWorld: Bringing World /Game/SideScrollerBP/Maps/UEDPIE_0_SideScrollerExampleMap.SideScrollerExampleMap up for play (max tick rate 0) at 2020.10.16-15.24.26
[2020.10.16-13.24.26:203][628]LogWorld: Bringing up level for play took: 0.001852
[2020.10.16-13.24.26:215][628]PIE: Play in editor start time for /Game/SideScrollerBP/Maps/UEDPIE_0_SideScrollerExampleMap -0,462
[2020.10.16-13.24.26:215][628]LogBlueprintUserMessages: Late PlayInEditor Detection: Level '/Game/SideScrollerBP/Maps/SideScrollerExampleMap.SideScrollerExampleMap:PersistentLevel' has LevelScriptBlueprint '/Game/SideScrollerBP/Maps/SideScrollerExampleMap.SideScrollerExampleMap:PersistentLevel.SideScrollerExampleMap' with GeneratedClass '/Game/SideScrollerBP/Maps/SideScrollerExampleMap.SideScrollerExampleMap_C' with ClassGeneratedBy '/Game/SideScrollerBP/Maps/SideScrollerExampleMap.SideScrollerExampleMap:PersistentLevel.SideScrollerExampleMap'
[2020.10.16-13.24.31:670][765]LogBlueprintUserMessages: Early EndPlayMap Detection: Level '/Game/SideScrollerBP/Maps/SideScrollerExampleMap.SideScrollerExampleMap:PersistentLevel' has LevelScriptBlueprint '/Game/SideScrollerBP/Maps/SideScrollerExampleMap.SideScrollerExampleMap:PersistentLevel.SideScrollerExampleMap' with GeneratedClass '/Game/SideScrollerBP/Maps/SideScrollerExampleMap.SideScrollerExampleMap_C' with ClassGeneratedBy '/Game/SideScrollerBP/Maps/SideScrollerExampleMap.SideScrollerExampleMap:PersistentLevel.SideScrollerExampleMap'
[2020.10.16-13.24.31:670][765]LogSlate: Updating window title bar state: overlay mode, drag disabled, window buttons hidden, title bar hidden
[2020.10.16-13.24.31:746][765]LogPlayLevel: Display: Shutting down PIE online subsystems
[2020.10.16-13.24.31:746][765]LogBlueprintUserMessages: Late EndPlayMap Detection: Level '/Game/SideScrollerBP/Maps/SideScrollerExampleMap.SideScrollerExampleMap:PersistentLevel' has LevelScriptBlueprint '/Game/SideScrollerBP/Maps/SideScrollerExampleMap.SideScrollerExampleMap:PersistentLevel.SideScrollerExampleMap' with GeneratedClass '/Game/SideScrollerBP/Maps/SideScrollerExampleMap.SideScrollerExampleMap_C' with ClassGeneratedBy '/Game/SideScrollerBP/Maps/SideScrollerExampleMap.SideScrollerExampleMap:PersistentLevel.SideScrollerExampleMap'
[2020.10.16-13.24.31:797][765]LogSlate: Updating window title bar state: overlay mode, drag disabled, window buttons hidden, title bar hidden
[2020.10.16-13.24.31:847][766]LogPlayLevel: Display: Destroying online subsystem :Context_4
[2020.10.16-13.24.33:580][793]LogSlate: FSceneViewport::OnFocusLost() reason 0
[2020.10.16-13.24.33:858][795]LogSlate: Took 0.000365 seconds to synchronously load lazily loaded font '../../../Engine/Content/Slate/Fonts/Roboto-Light.ttf' (167K)
[2020.10.16-13.24.33:871][795]LogAssetEditorManager: Opening Asset editor for Blueprint /Game/SideScrollerBP/Blueprints/LaunchPad_Blueprint.LaunchPad_Blueprint
[2020.10.16-13.24.34:401][795]LogContentBrowser: Native class hierarchy updated for 'BlueprintGraph' in 0.0006 seconds. Added 116 classes and 0 folders.
[2020.10.16-13.24.35:198][795]LogSlate: Took 0.002318 seconds to synchronously load lazily loaded font '../../../Engine/Content/Slate/Fonts/Roboto-BoldCondensed.ttf' (158K)
[2020.10.16-13.24.36:944][981]LogSlate: Took 0.004079 seconds to synchronously load lazily loaded font '../../../Engine/Content/Slate/Fonts/Roboto-Italic.ttf' (157K)
[2020.10.16-13.24.48:308][317]BlueprintLog: New page: Compile LaunchPad_Blueprint
[2020.10.16-13.24.51:020][442]LogTemp: Repeating last play command: Selected Viewport
[2020.10.16-13.24.51:043][442]LogBlueprintUserMessages: Early PlayInEditor Detection: Level '/Game/SideScrollerBP/Maps/SideScrollerExampleMap.SideScrollerExampleMap:PersistentLevel' has LevelScriptBlueprint '/Game/SideScrollerBP/Maps/SideScrollerExampleMap.SideScrollerExampleMap:PersistentLevel.SideScrollerExampleMap' with GeneratedClass '/Game/SideScrollerBP/Maps/SideScrollerExampleMap.SideScrollerExampleMap_C' with ClassGeneratedBy '/Game/SideScrollerBP/Maps/SideScrollerExampleMap.SideScrollerExampleMap:PersistentLevel.SideScrollerExampleMap'
[2020.10.16-13.24.51:043][442]LogPlayLevel: PlayLevel: No blueprints needed recompiling
[2020.10.16-13.24.51:043][442]PIE: New page: PIE session: SideScrollerExampleMap (16/10/2020 17:24:51)
[2020.10.16-13.24.51:043][442]LogPlayLevel: Creating play world package: /Game/SideScrollerBP/Maps/UEDPIE_0_SideScrollerExampleMap
[2020.10.16-13.24.51:063][442]LogPlayLevel: PIE: StaticDuplicateObject took: (0.019612s)
[2020.10.16-13.24.51:064][442]LogAIModule: Creating AISystem for world SideScrollerExampleMap
[2020.10.16-13.24.51:064][442]LogPlayLevel: PIE: World Init took: (0.001029s)
[2020.10.16-13.24.51:064][442]LogPlayLevel: PIE: Created PIE world by copying editor world from /Game/SideScrollerBP/Maps/SideScrollerExampleMap.SideScrollerExampleMap to /Game/SideScrollerBP/Maps/UEDPIE_0_SideScrollerExampleMap.SideScrollerExampleMap (0.020840s)
[2020.10.16-13.24.51:099][442]LogInit: XAudio2 using 'Altavoces (2- Realtek High Definition Audio)' : 2 channels at 48 kHz using 32 bits per sample (channel mask 0x3)
[2020.10.16-13.24.51:111][442]LogInit: FAudioDevice initialized.
[2020.10.16-13.24.51:141][442]LogLoad: Game class is 'SideScrollerGameMode_C'
[2020.10.16-13.24.51:144][442]LogWorld: Bringing World /Game/SideScrollerBP/Maps/UEDPIE_0_SideScrollerExampleMap.SideScrollerExampleMap up for play (max tick rate 0) at 2020.10.16-15.24.51
[2020.10.16-13.24.51:144][442]LogWorld: Bringing up level for play took: 0.001932
[2020.10.16-13.24.51:156][442]PIE: Play in editor start time for /Game/SideScrollerBP/Maps/UEDPIE_0_SideScrollerExampleMap 0,48
[2020.10.16-13.24.51:156][442]LogBlueprintUserMessages: Late PlayInEditor Detection: Level '/Game/SideScrollerBP/Maps/SideScrollerExampleMap.SideScrollerExampleMap:PersistentLevel' has LevelScriptBlueprint '/Game/SideScrollerBP/Maps/SideScrollerExampleMap.SideScrollerExampleMap:PersistentLevel.SideScrollerExampleMap' with GeneratedClass '/Game/SideScrollerBP/Maps/SideScrollerExampleMap.SideScrollerExampleMap_C' with ClassGeneratedBy '/Game/SideScrollerBP/Maps/SideScrollerExampleMap.SideScrollerExampleMap:PersistentLevel.SideScrollerExampleMap'
[2020.10.16-13.25.08:299][881]LogBlueprintUserMessages: Early EndPlayMap Detection: Level '/Game/SideScrollerBP/Maps/SideScrollerExampleMap.SideScrollerExampleMap:PersistentLevel' has LevelScriptBlueprint '/Game/SideScrollerBP/Maps/SideScrollerExampleMap.SideScrollerExampleMap:PersistentLevel.SideScrollerExampleMap' with GeneratedClass '/Game/SideScrollerBP/Maps/SideScrollerExampleMap.SideScrollerExampleMap_C' with ClassGeneratedBy '/Game/SideScrollerBP/Maps/SideScrollerExampleMap.SideScrollerExampleMap:PersistentLevel.SideScrollerExampleMap'
[2020.10.16-13.25.08:306][881]LogSlate: Updating window title bar state: overlay mode, drag disabled, window buttons hidden, title bar hidden
[2020.10.16-13.25.08:386][881]LogPlayLevel: Display: Shutting down PIE online subsystems
[2020.10.16-13.25.08:386][881]LogBlueprintUserMessages: Late EndPlayMap Detection: Level '/Game/SideScrollerBP/Maps/SideScrollerExampleMap.SideScrollerExampleMap:PersistentLevel' has LevelScriptBlueprint '/Game/SideScrollerBP/Maps/SideScrollerExampleMap.SideScrollerExampleMap:PersistentLevel.SideScrollerExampleMap' with GeneratedClass '/Game/SideScrollerBP/Maps/SideScrollerExampleMap.SideScrollerExampleMap_C' with ClassGeneratedBy '/Game/SideScrollerBP/Maps/SideScrollerExampleMap.SideScrollerExampleMap:PersistentLevel.SideScrollerExampleMap'
[2020.10.16-13.25.08:444][881]LogSlate: Updating window title bar state: overlay mode, drag disabled, window buttons hidden, title bar hidden
[2020.10.16-13.25.08:499][882]LogPlayLevel: Display: Destroying online subsystem :Context_6
[2020.10.16-13.25.10:886][921]LogSlate: FSceneViewport::OnFocusLost() reason 0
[2020.10.16-13.25.19:374][890]BlueprintLog: New page: Compile LaunchPad_Blueprint
[2020.10.16-13.25.22:206][ 52]LogTemp: Repeating last play command: Selected Viewport
[2020.10.16-13.25.22:232][ 52]LogBlueprintUserMessages: Early PlayInEditor Detection: Level '/Game/SideScrollerBP/Maps/SideScrollerExampleMap.SideScrollerExampleMap:PersistentLevel' has LevelScriptBlueprint '/Game/SideScrollerBP/Maps/SideScrollerExampleMap.SideScrollerExampleMap:PersistentLevel.SideScrollerExampleMap' with GeneratedClass '/Game/SideScrollerBP/Maps/SideScrollerExampleMap.SideScrollerExampleMap_C' with ClassGeneratedBy '/Game/SideScrollerBP/Maps/SideScrollerExampleMap.SideScrollerExampleMap:PersistentLevel.SideScrollerExampleMap'
[2020.10.16-13.25.22:232][ 52]LogPlayLevel: PlayLevel: No blueprints needed recompiling
[2020.10.16-13.25.22:233][ 52]PIE: New page: PIE session: SideScrollerExampleMap (16/10/2020 17:25:22)
[2020.10.16-13.25.22:233][ 52]LogPlayLevel: Creating play world package: /Game/SideScrollerBP/Maps/UEDPIE_0_SideScrollerExampleMap
[2020.10.16-13.25.22:253][ 52]LogPlayLevel: PIE: StaticDuplicateObject took: (0.020074s)
[2020.10.16-13.25.22:255][ 52]LogAIModule: Creating AISystem for world SideScrollerExampleMap
[2020.10.16-13.25.22:255][ 52]LogPlayLevel: PIE: World Init took: (0.002293s)
[2020.10.16-13.25.22:255][ 52]LogPlayLevel: PIE: Created PIE world by copying editor world from /Game/SideScrollerBP/Maps/SideScrollerExampleMap.SideScrollerExampleMap to /Game/SideScrollerBP/Maps/UEDPIE_0_SideScrollerExampleMap.SideScrollerExampleMap (0.022655s)
[2020.10.16-13.25.22:295][ 52]LogInit: XAudio2 using 'Altavoces (2- Realtek High Definition Audio)' : 2 channels at 48 kHz using 32 bits per sample (channel mask 0x3)
[2020.10.16-13.25.22:306][ 52]LogInit: FAudioDevice initialized.
[2020.10.16-13.25.22:337][ 52]LogLoad: Game class is 'SideScrollerGameMode_C'
[2020.10.16-13.25.22:339][ 52]LogWorld: Bringing World /Game/SideScrollerBP/Maps/UEDPIE_0_SideScrollerExampleMap.SideScrollerExampleMap up for play (max tick rate 0) at 2020.10.16-15.25.22
[2020.10.16-13.25.22:339][ 52]LogWorld: Bringing up level for play took: 0.001972
[2020.10.16-13.25.22:351][ 52]PIE: Play in editor start time for /Game/SideScrollerBP/Maps/UEDPIE_0_SideScrollerExampleMap -0,325
[2020.10.16-13.25.22:351][ 52]LogBlueprintUserMessages: Late PlayInEditor Detection: Level '/Game/SideScrollerBP/Maps/SideScrollerExampleMap.SideScrollerExampleMap:PersistentLevel' has LevelScriptBlueprint '/Game/SideScrollerBP/Maps/SideScrollerExampleMap.SideScrollerExampleMap:PersistentLevel.SideScrollerExampleMap' with GeneratedClass '/Game/SideScrollerBP/Maps/SideScrollerExampleMap.SideScrollerExampleMap_C' with ClassGeneratedBy '/Game/SideScrollerBP/Maps/SideScrollerExampleMap.SideScrollerExampleMap:PersistentLevel.SideScrollerExampleMap'
[2020.10.16-13.25.32:247][299]LogBlueprintUserMessages: Early EndPlayMap Detection: Level '/Game/SideScrollerBP/Maps/SideScrollerExampleMap.SideScrollerExampleMap:PersistentLevel' has LevelScriptBlueprint '/Game/SideScrollerBP/Maps/SideScrollerExampleMap.SideScrollerExampleMap:PersistentLevel.SideScrollerExampleMap' with GeneratedClass '/Game/SideScrollerBP/Maps/SideScrollerExampleMap.SideScrollerExampleMap_C' with ClassGeneratedBy '/Game/SideScrollerBP/Maps/SideScrollerExampleMap.SideScrollerExampleMap:PersistentLevel.SideScrollerExampleMap'
[2020.10.16-13.25.32:248][299]LogSlate: Updating window title bar state: overlay mode, drag disabled, window buttons hidden, title bar hidden
[2020.10.16-13.25.32:335][299]LogPlayLevel: Display: Shutting down PIE online subsystems
[2020.10.16-13.25.32:336][299]LogBlueprintUserMessages: Late EndPlayMap Detection: Level '/Game/SideScrollerBP/Maps/SideScrollerExampleMap.SideScrollerExampleMap:PersistentLevel' has LevelScriptBlueprint '/Game/SideScrollerBP/Maps/SideScrollerExampleMap.SideScrollerExampleMap:PersistentLevel.SideScrollerExampleMap' with GeneratedClass '/Game/SideScrollerBP/Maps/SideScrollerExampleMap.SideScrollerExampleMap_C' with ClassGeneratedBy '/Game/SideScrollerBP/Maps/SideScrollerExampleMap.SideScrollerExampleMap:PersistentLevel.SideScrollerExampleMap'
[2020.10.16-13.25.32:404][299]LogSlate: Updating window title bar state: overlay mode, drag disabled, window buttons hidden, title bar hidden
[2020.10.16-13.25.32:426][300]LogPlayLevel: Display: Destroying online subsystem :Context_7
[2020.10.16-13.25.34:641][333]LogSlate: FSceneViewport::OnFocusLost() reason 0
[2020.10.16-13.25.39:597][875]BlueprintLog: New page: Compile LaunchPad_Blueprint
[2020.10.16-13.25.41:308][935]LogTemp: Repeating last play command: Selected Viewport
[2020.10.16-13.25.41:330][935]LogBlueprintUserMessages: Early PlayInEditor Detection: Level '/Game/SideScrollerBP/Maps/SideScrollerExampleMap.SideScrollerExampleMap:PersistentLevel' has LevelScriptBlueprint '/Game/SideScrollerBP/Maps/SideScrollerExampleMap.SideScrollerExampleMap:PersistentLevel.SideScrollerExampleMap' with GeneratedClass '/Game/SideScrollerBP/Maps/SideScrollerExampleMap.SideScrollerExampleMap_C' with ClassGeneratedBy '/Game/SideScrollerBP/Maps/SideScrollerExampleMap.SideScrollerExampleMap:PersistentLevel.SideScrollerExampleMap'
[2020.10.16-13.25.41:330][935]LogPlayLevel: PlayLevel: No blueprints needed recompiling
[2020.10.16-13.25.41:330][935]PIE: New page: PIE session: SideScrollerExampleMap (16/10/2020 17:25:41)
[2020.10.16-13.25.41:330][935]LogPlayLevel: Creating play world package: /Game/SideScrollerBP/Maps/UEDPIE_0_SideScrollerExampleMap
[2020.10.16-13.25.41:351][935]LogPlayLevel: PIE: StaticDuplicateObject took: (0.020766s)
[2020.10.16-13.25.41:352][935]LogAIModule: Creating AISystem for world SideScrollerExampleMap
[2020.10.16-13.25.41:352][935]LogPlayLevel: PIE: World Init took: (0.000947s)
[2020.10.16-13.25.41:352][935]LogPlayLevel: PIE: Created PIE world by copying editor world from /Game/SideScrollerBP/Maps/SideScrollerExampleMap.SideScrollerExampleMap to /Game/SideScrollerBP/Maps/UEDPIE_0_SideScrollerExampleMap.SideScrollerExampleMap (0.021918s)
[2020.10.16-13.25.41:384][935]LogInit: XAudio2 using 'Altavoces (2- Realtek High Definition Audio)' : 2 channels at 48 kHz using 32 bits per sample (channel mask 0x3)
[2020.10.16-13.25.41:396][935]LogInit: FAudioDevice initialized.
[2020.10.16-13.25.41:429][935]LogLoad: Game class is 'SideScrollerGameMode_C'
[2020.10.16-13.25.41:431][935]LogWorld: Bringing World /Game/SideScrollerBP/Maps/UEDPIE_0_SideScrollerExampleMap.SideScrollerExampleMap up for play (max tick rate 0) at 2020.10.16-15.25.41
[2020.10.16-13.25.41:432][935]LogWorld: Bringing up level for play took: 0.001975
[2020.10.16-13.25.41:445][935]PIE: Play in editor start time for /Game/SideScrollerBP/Maps/UEDPIE_0_SideScrollerExampleMap 0,768
[2020.10.16-13.25.41:445][935]LogBlueprintUserMessages: Late PlayInEditor Detection: Level '/Game/SideScrollerBP/Maps/SideScrollerExampleMap.SideScrollerExampleMap:PersistentLevel' has LevelScriptBlueprint '/Game/SideScrollerBP/Maps/SideScrollerExampleMap.SideScrollerExampleMap:PersistentLevel.SideScrollerExampleMap' with GeneratedClass '/Game/SideScrollerBP/Maps/SideScrollerExampleMap.SideScrollerExampleMap_C' with ClassGeneratedBy '/Game/SideScrollerBP/Maps/SideScrollerExampleMap.SideScrollerExampleMap:PersistentLevel.SideScrollerExampleMap'
[2020.10.16-13.25.57:949][351]LogBlueprintUserMessages: Early EndPlayMap Detection: Level '/Game/SideScrollerBP/Maps/SideScrollerExampleMap.SideScrollerExampleMap:PersistentLevel' has LevelScriptBlueprint '/Game/SideScrollerBP/Maps/SideScrollerExampleMap.SideScrollerExampleMap:PersistentLevel.SideScrollerExampleMap' with GeneratedClass '/Game/SideScrollerBP/Maps/SideScrollerExampleMap.SideScrollerExampleMap_C' with ClassGeneratedBy '/Game/SideScrollerBP/Maps/SideScrollerExampleMap.SideScrollerExampleMap:PersistentLevel.SideScrollerExampleMap'
[2020.10.16-13.25.57:949][351]LogSlate: Updating window title bar state: overlay mode, drag disabled, window buttons hidden, title bar hidden
[2020.10.16-13.25.58:037][351]LogPlayLevel: Display: Shutting down PIE online subsystems
[2020.10.16-13.25.58:037][351]LogBlueprintUserMessages: Late EndPlayMap Detection: Level '/Game/SideScrollerBP/Maps/SideScrollerExampleMap.SideScrollerExampleMap:PersistentLevel' has LevelScriptBlueprint '/Game/SideScrollerBP/Maps/SideScrollerExampleMap.SideScrollerExampleMap:PersistentLevel.SideScrollerExampleMap' with GeneratedClass '/Game/SideScrollerBP/Maps/SideScrollerExampleMap.SideScrollerExampleMap_C' with ClassGeneratedBy '/Game/SideScrollerBP/Maps/SideScrollerExampleMap.SideScrollerExampleMap:PersistentLevel.SideScrollerExampleMap'
[2020.10.16-13.25.58:095][351]LogSlate: Updating window title bar state: overlay mode, drag disabled, window buttons hidden, title bar hidden
[2020.10.16-13.25.58:155][352]LogPlayLevel: Display: Destroying online subsystem :Context_8
[2020.10.16-13.26.04:122][485]LogSlate: FSceneViewport::OnFocusLost() reason 0
[2020.10.16-13.26.15:897][854]LogRenderer: Reallocating scene render targets to support 1208x900 Format 10 NumSamples 1 (Frame:1).
[2020.10.16-13.27.40:799][861]LogSlate: FSceneViewport::OnFocusLost() reason 0
[2020.10.16-13.35.05:744][649]LogSavePackage: Moving 'D:/ProjectesUnreal/TutorialBP/BlueprintsTutorial1/Saved/SideScrollerExampleMap_Auto1EAE59DCC409B10C1543CA787FFAF02CC.tmp' to 'D:/ProjectesUnreal/TutorialBP/BlueprintsTutorial1/Saved/Autosaves/Game/SideScrollerBP/Maps/SideScrollerExampleMap_Auto1.umap'
[2020.10.16-13.35.05:750][649]LogFileHelpers: Editor autosave (incl. sublevels) for '/Game/SideScrollerBP/Maps/SideScrollerExampleMap' took 0.228
[2020.10.16-13.35.05:750][649]LogFileHelpers: Editor autosave (incl. sublevels) for all levels took 0.228
[2020.10.16-13.35.05:752][649]OBJ SavePackage: Generating thumbnails for [1] asset(s) in package [/Game/SideScrollerBP/Blueprints/LaunchPad_Blueprint] ([1] browsable assets)...
[2020.10.16-13.35.05:798][649]OBJ SavePackage:     Rendered thumbnail for [Blueprint /Game/SideScrollerBP/Blueprints/LaunchPad_Blueprint.LaunchPad_Blueprint]
[2020.10.16-13.35.05:798][649]OBJ SavePackage: Finished generating thumbnails for package [/Game/SideScrollerBP/Blueprints/LaunchPad_Blueprint]
[2020.10.16-13.35.05:824][649]LogSavePackage: Moving 'D:/ProjectesUnreal/TutorialBP/BlueprintsTutorial1/Saved/LaunchPad_Blueprint_Auto1E93C56964FCAF869F79E66B5978EF37A.tmp' to 'D:/ProjectesUnreal/TutorialBP/BlueprintsTutorial1/Saved/Autosaves/Game/SideScrollerBP/Blueprints/LaunchPad_Blueprint_Auto1.uasset'
[2020.10.16-13.35.05:825][649]LogFileHelpers: Auto-saving content packages took 0.074
[2020.10.16-13.37.22:002][855]LogSlate: Took 0.002385 seconds to synchronously load lazily loaded font '../../../Engine/Content/Slate/Fonts/Roboto-BoldCondensedItalic.ttf' (160K)
[2020.10.16-13.45.05:867][907]LogSavePackage: Moving 'D:/ProjectesUnreal/TutorialBP/BlueprintsTutorial1/Saved/SideScrollerExampleMap_Auto2E9424B804D8E5D4FF56E758A881363F5.tmp' to 'D:/ProjectesUnreal/TutorialBP/BlueprintsTutorial1/Saved/Autosaves/Game/SideScrollerBP/Maps/SideScrollerExampleMap_Auto2.umap'
[2020.10.16-13.45.05:871][907]LogFileHelpers: Editor autosave (incl. sublevels) for '/Game/SideScrollerBP/Maps/SideScrollerExampleMap' took 0.183
[2020.10.16-13.45.05:871][907]LogFileHelpers: Editor autosave (incl. sublevels) for all levels took 0.183
[2020.10.16-13.45.05:872][907]OBJ SavePackage: Generating thumbnails for [1] asset(s) in package [/Game/SideScrollerBP/Blueprints/LaunchPad_Blueprint] ([1] browsable assets)...
[2020.10.16-13.45.05:912][907]OBJ SavePackage:     Rendered thumbnail for [Blueprint /Game/SideScrollerBP/Blueprints/LaunchPad_Blueprint.LaunchPad_Blueprint]
[2020.10.16-13.45.05:912][907]OBJ SavePackage: Finished generating thumbnails for package [/Game/SideScrollerBP/Blueprints/LaunchPad_Blueprint]
[2020.10.16-13.45.05:937][907]LogSavePackage: Moving 'D:/ProjectesUnreal/TutorialBP/BlueprintsTutorial1/Saved/LaunchPad_Blueprint_Auto25678A4014DB3CCE495C3F68C3CF69E65.tmp' to 'D:/ProjectesUnreal/TutorialBP/BlueprintsTutorial1/Saved/Autosaves/Game/SideScrollerBP/Blueprints/LaunchPad_Blueprint_Auto2.uasset'
[2020.10.16-13.45.05:938][907]LogFileHelpers: Auto-saving content packages took 0.066
[2020.10.16-13.58.44:159][257]LogSavePackage: Moving 'D:/ProjectesUnreal/TutorialBP/BlueprintsTutorial1/Saved/SideScrollerExampleMapCF9761EC4AD3A1DA0033309D3F289D1B.tmp' to 'D:/ProjectesUnreal/TutorialBP/BlueprintsTutorial1/Content/SideScrollerBP/Maps/SideScrollerExampleMap.umap'
[2020.10.16-13.58.46:653][308]LogSavePackage: Moving 'D:/ProjectesUnreal/TutorialBP/BlueprintsTutorial1/Saved/LaunchPad_Blueprint57204C03421DF9A585FD408F38E3C879.tmp' to 'D:/ProjectesUnreal/TutorialBP/BlueprintsTutorial1/Content/SideScrollerBP/Blueprints/LaunchPad_Blueprint.uasset'
[2020.10.16-13.58.51:520][407]LogSlate: Window 'BlueprintsTutorial1 - Unreal Editor' being destroyed
[2020.10.16-13.58.51:699][408]Cmd: QUIT_EDITOR
[2020.10.16-13.58.52:213][408]LogWindowsTextInputMethodSystem: Display: IME system now deactivated.
[2020.10.16-13.58.52:241][408]LogExit: Preparing to exit.
[2020.10.16-13.58.53:117][408]LogExit: Editor shut down
[2020.10.16-13.58.53:118][408]LogExit: Transaction tracking system shut down
[2020.10.16-13.58.53:685][408]LogExit: Object subsystem successfully closed.
[2020.10.16-13.58.53:700][408]LogShaderCompilers: Display: Shaders left to compile 0
[2020.10.16-13.58.53:704][408]LogD3D11RHI: Shutdown
[2020.10.16-13.58.53:704][408]LogD3D11RHI: CleanupD3DDevice
[2020.10.16-13.58.53:718][408]LogD3D11RHI: ~FD3D11DynamicRHI
[2020.10.16-13.58.53:735][408]LogModuleManager: Shutting down and abandoning module BlueprintGraph (616)
[2020.10.16-13.58.53:735][408]LogModuleManager: Shutting down and abandoning module MovieSceneCapture (614)
[2020.10.16-13.58.53:735][408]LogModuleManager: Shutting down and abandoning module Voice (612)
[2020.10.16-13.58.53:735][408]LogModuleManager: Shutting down and abandoning module HierarchicalLODOutliner (610)
[2020.10.16-13.58.53:735][408]LogModuleManager: Shutting down and abandoning module SceneOutliner (608)
[2020.10.16-13.58.53:735][408]LogModuleManager: Shutting down and abandoning module AddContentDialog (606)
[2020.10.16-13.58.53:736][408]LogModuleManager: Shutting down and abandoning module WidgetCarousel (605)
[2020.10.16-13.58.53:736][408]LogModuleManager: Shutting down and abandoning module EditorWidgets (602)
[2020.10.16-13.58.53:737][408]LogModuleManager: Shutting down and abandoning module CollectionManager (600)
[2020.10.16-13.58.53:737][408]LogModuleManager: Shutting down and abandoning module StatsViewer (598)
[2020.10.16-13.58.53:737][408]LogModuleManager: Shutting down and abandoning module FoliageEdit (596)
[2020.10.16-13.58.53:737][408]LogModuleManager: Shutting down and abandoning module LandscapeEditor (594)
[2020.10.16-13.58.53:737][408]LogModuleManager: Shutting down and abandoning module MeshPaintMode (592)
[2020.10.16-13.58.53:737][408]LogModuleManager: Shutting down and abandoning module SceneDepthPickerMode (590)
[2020.10.16-13.58.53:737][408]LogModuleManager: Shutting down and abandoning module ActorPickerMode (588)
[2020.10.16-13.58.53:737][408]LogModuleManager: Shutting down and abandoning module GeometryMode (586)
[2020.10.16-13.58.53:737][408]LogModuleManager: Shutting down and abandoning module TextureAlignMode (584)
[2020.10.16-13.58.53:737][408]LogModuleManager: Shutting down and abandoning module BspMode (582)
[2020.10.16-13.58.53:737][408]LogModuleManager: Shutting down and abandoning module PIEPreviewDeviceProfileSelector (580)
[2020.10.16-13.58.53:737][408]LogModuleManager: Shutting down and abandoning module SequenceRecorderSections (578)
[2020.10.16-13.58.53:737][408]LogModuleManager: Shutting down and abandoning module AutomationWorker (576)
[2020.10.16-13.58.53:737][408]LogModuleManager: Shutting down and abandoning module AudioCaptureEditor (574)
[2020.10.16-13.58.53:737][408]LogModuleManager: Shutting down and abandoning module SequenceRecorder (573)
[2020.10.16-13.58.53:737][408]LogModuleManager: Shutting down and abandoning module MatineeToLevelSequence (570)
[2020.10.16-13.58.53:737][408]LogModuleManager: Shutting down and abandoning module LevelSequenceEditor (568)
[2020.10.16-13.58.53:737][408]LogModuleManager: Shutting down and abandoning module PlacementMode (567)
[2020.10.16-13.58.53:737][408]LogModuleManager: Shutting down and abandoning module MaterialEditor (566)
[2020.10.16-13.58.53:737][408]LogModuleManager: Shutting down and abandoning module WmfMediaFactory (562)
[2020.10.16-13.58.53:737][408]LogModuleManager: Shutting down and abandoning module WmfMediaEditor (560)
[2020.10.16-13.58.53:737][408]LogModuleManager: Shutting down and abandoning module MediaPlayerEditor (558)
[2020.10.16-13.58.53:737][408]LogModuleManager: Shutting down and abandoning module OpenExrWrapper (556)
[2020.10.16-13.58.53:737][408]LogModuleManager: Shutting down and abandoning module ImgMediaFactory (554)
[2020.10.16-13.58.53:737][408]LogModuleManager: Shutting down and abandoning module ImgMediaEditor (552)
[2020.10.16-13.58.53:737][408]LogModuleManager: Shutting down and abandoning module AvfMediaFactory (550)
[2020.10.16-13.58.53:737][408]LogModuleManager: Shutting down and abandoning module AvfMediaEditor (548)
[2020.10.16-13.58.53:737][408]LogModuleManager: Shutting down and abandoning module AndroidMediaFactory (546)
[2020.10.16-13.58.53:737][408]LogModuleManager: Shutting down and abandoning module AndroidMediaEditor (544)
[2020.10.16-13.58.53:737][408]LogModuleManager: Shutting down and abandoning module MagicLeapCameraPreviewFactory (542)
[2020.10.16-13.58.53:737][408]LogModuleManager: Shutting down and abandoning module MagicLeapMediaFactory (540)
[2020.10.16-13.58.53:737][408]LogModuleManager: Shutting down and abandoning module MagicLeapMediaEditor (538)
[2020.10.16-13.58.53:737][408]LogModuleManager: Shutting down and abandoning module CharacterAI (536)
[2020.10.16-13.58.53:737][408]LogModuleManager: Shutting down and abandoning module SmartSnapping (534)
[2020.10.16-13.58.53:737][408]LogModuleManager: Shutting down and abandoning module SessionServices (532)
[2020.10.16-13.58.53:737][408]LogModuleManager: Shutting down and abandoning module ViewportSnapping (530)
[2020.10.16-13.58.53:737][408]LogModuleManager: Shutting down and abandoning module ViewportInteraction (528)
[2020.10.16-13.58.53:737][408]LogModuleManager: Shutting down and abandoning module ClothPainter (526)
[2020.10.16-13.58.53:737][408]LogModuleManager: Shutting down and abandoning module SkeletalMeshEditor (525)
[2020.10.16-13.58.53:738][408]LogModuleManager: Shutting down and abandoning module LogVisualizer (522)
[2020.10.16-13.58.53:738][408]LogModuleManager: Shutting down and abandoning module IntroTutorials (520)
[2020.10.16-13.58.53:738][408]LogModuleManager: Shutting down and abandoning module GameProjectGeneration (519)
[2020.10.16-13.58.53:738][408]LogModuleManager: Shutting down and abandoning module LuminPlatformEditor (516)
[2020.10.16-13.58.53:738][408]LogModuleManager: Shutting down and abandoning module IOSPlatformEditor (514)
[2020.10.16-13.58.53:738][408]LogModuleManager: Shutting down and abandoning module HTML5PlatformEditor (512)
[2020.10.16-13.58.53:738][408]LogModuleManager: Shutting down and abandoning module AndroidPlatformEditor (510)
[2020.10.16-13.58.53:738][408]LogModuleManager: Shutting down and abandoning module AndroidDeviceDetection (509)
[2020.10.16-13.58.53:844][408]LogModuleManager: Shutting down and abandoning module WindowsPlatformEditor (506)
[2020.10.16-13.58.53:844][408]LogModuleManager: Shutting down and abandoning module LuminRuntimeSettings (504)
[2020.10.16-13.58.53:844][408]LogModuleManager: Shutting down and abandoning module IOSRuntimeSettings (502)
[2020.10.16-13.58.53:844][408]LogModuleManager: Shutting down and abandoning module AndroidRuntimeSettings (500)
[2020.10.16-13.58.53:844][408]LogModuleManager: Shutting down and abandoning module InputBindingEditor (498)
[2020.10.16-13.58.53:844][408]LogModuleManager: Shutting down and abandoning module MergeActors (496)
[2020.10.16-13.58.53:844][408]LogModuleManager: Shutting down and abandoning module LocalizationDashboard (494)
[2020.10.16-13.58.53:844][408]LogModuleManager: Shutting down and abandoning module LocalizationService (493)
[2020.10.16-13.58.53:844][408]LogModuleManager: Shutting down and abandoning module HardwareTargeting (490)
[2020.10.16-13.58.53:844][408]LogModuleManager: Shutting down and abandoning module DeviceProfileEditor (488)
[2020.10.16-13.58.53:844][408]LogModuleManager: Shutting down and abandoning module UndoHistory (486)
[2020.10.16-13.58.53:844][408]LogModuleManager: Shutting down and abandoning module XmlParser (484)
[2020.10.16-13.58.53:844][408]LogModuleManager: Shutting down and abandoning module Blutility (482)
[2020.10.16-13.58.53:844][408]LogModuleManager: Shutting down and abandoning module ProjectSettingsViewer (480)
[2020.10.16-13.58.53:844][408]LogModuleManager: Shutting down and abandoning module ProjectTargetPlatformEditor (479)
[2020.10.16-13.58.53:845][408]LogModuleManager: Shutting down and abandoning module EditorSettingsViewer (476)
[2020.10.16-13.58.53:845][408]LogModuleManager: Shutting down and abandoning module SettingsEditor (474)
[2020.10.16-13.58.53:845][408]LogModuleManager: Shutting down and abandoning module ProjectLauncher (472)
[2020.10.16-13.58.53:845][408]LogModuleManager: Shutting down and abandoning module SessionFrontend (470)
[2020.10.16-13.58.53:845][408]LogModuleManager: Shutting down and abandoning module ProfilerClient (468)
[2020.10.16-13.58.53:845][408]LogModuleManager: Shutting down and abandoning module DeviceManager (466)
[2020.10.16-13.58.53:845][408]LogModuleManager: Shutting down and abandoning module TargetDeviceServices (465)
[2020.10.16-13.58.53:910][408]LogModuleManager: Shutting down and abandoning module AutomationController (462)
[2020.10.16-13.58.53:910][408]LogModuleManager: Shutting down and abandoning module AutomationWindow (460)
[2020.10.16-13.58.53:910][408]LogModuleManager: Shutting down and abandoning module Layers (458)
[2020.10.16-13.58.53:910][408]LogModuleManager: Shutting down and abandoning module ComponentVisualizers (456)
[2020.10.16-13.58.53:910][408]LogModuleManager: Shutting down and abandoning module DetailCustomizations (454)
[2020.10.16-13.58.53:910][408]LogModuleManager: Shutting down and abandoning module PackagesDialog (452)
[2020.10.16-13.58.53:911][408]LogModuleManager: Shutting down and abandoning module Persona (450)
[2020.10.16-13.58.53:911][408]LogModuleManager: Shutting down and abandoning module AdvancedPreviewScene (449)
[2020.10.16-13.58.53:911][408]LogModuleManager: Shutting down and abandoning module AnimGraph (447)
[2020.10.16-13.58.53:911][408]LogModuleManager: Shutting down and abandoning module Kismet (444)
[2020.10.16-13.58.53:921][408]LogModuleManager: Shutting down and abandoning module GraphEditor (442)
[2020.10.16-13.58.53:921][408]LogModuleManager: Shutting down and abandoning module ClassViewer (440)
[2020.10.16-13.58.53:921][408]LogModuleManager: Shutting down and abandoning module Toolbox (438)
[2020.10.16-13.58.53:921][408]LogModuleManager: Shutting down and abandoning module ModuleUI (436)
[2020.10.16-13.58.53:921][408]LogModuleManager: Shutting down and abandoning module MovieSceneTools (434)
[2020.10.16-13.58.53:922][408]LogModuleManager: Shutting down and abandoning module OutputLog (432)
[2020.10.16-13.58.53:922][408]LogModuleManager: Shutting down and abandoning module GammaUI (430)
[2020.10.16-13.58.53:922][408]LogModuleManager: Shutting down and abandoning module Documentation (428)
[2020.10.16-13.58.53:922][408]LogModuleManager: Shutting down and abandoning module MovieSceneTracks (426)
[2020.10.16-13.58.53:922][408]LogModuleManager: Shutting down and abandoning module MovieScene (424)
[2020.10.16-13.58.53:922][408]LogModuleManager: Shutting down and abandoning module StreamingPauseRendering (422)
[2020.10.16-13.58.53:922][408]LogModuleManager: Shutting down and abandoning module LauncherPlatform (420)
[2020.10.16-13.58.53:922][408]LogModuleManager: Shutting down and abandoning module AnalyticsET (418)
[2020.10.16-13.58.53:922][408]LogModuleManager: Shutting down and abandoning module PortalServices (416)
[2020.10.16-13.58.53:922][408]LogModuleManager: Shutting down and abandoning module PortalRpc (414)
[2020.10.16-13.58.53:922][408]LogModuleManager: Shutting down and abandoning module MessagingRpc (412)
[2020.10.16-13.58.53:922][408]LogModuleManager: Shutting down and abandoning module AIModule (410)
[2020.10.16-13.58.53:922][408]LogModuleManager: Shutting down and abandoning module GameplayDebugger (409)
[2020.10.16-13.58.53:922][408]LogModuleManager: Shutting down and abandoning module AITestSuite (407)
[2020.10.16-13.58.53:922][408]LogModuleManager: Shutting down and abandoning module NavigationSystem (405)
[2020.10.16-13.58.53:922][408]LogModuleManager: Shutting down and abandoning module DesktopPlatform (402)
[2020.10.16-13.58.53:922][408]LogModuleManager: Shutting down and abandoning module ProfilerService (400)
[2020.10.16-13.58.54:047][408]LogModuleManager: Shutting down and abandoning module TaskGraph (398)
[2020.10.16-13.58.54:047][408]LogModuleManager: Shutting down and abandoning module SteamVRController (396)
[2020.10.16-13.58.54:047][408]LogModuleManager: Shutting down and abandoning module ProceduralMeshComponentEditor (394)
[2020.10.16-13.58.54:047][408]LogModuleManager: Shutting down and abandoning module ProceduralMeshComponent (392)
[2020.10.16-13.58.54:047][408]LogModuleManager: Shutting down and abandoning module OculusInput (390)
[2020.10.16-13.58.54:047][408]LogModuleManager: Shutting down and abandoning module MobilePatchingUtils (388)
[2020.10.16-13.58.54:047][408]LogModuleManager: Shutting down and abandoning module EditableMesh (386)
[2020.10.16-13.58.54:048][408]LogModuleManager: Shutting down and abandoning module CustomMeshComponent (384)
[2020.10.16-13.58.54:048][408]LogModuleManager: Shutting down and abandoning module CableComponent (382)
[2020.10.16-13.58.54:048][408]LogModuleManager: Shutting down and abandoning module AudioCapture (380)
[2020.10.16-13.58.54:048][408]LogModuleManager: Shutting down and abandoning module ArchVisCharacter (378)
[2020.10.16-13.58.54:048][408]LogModuleManager: Shutting down and abandoning module AndroidPermission (376)
[2020.10.16-13.58.54:048][408]LogModuleManager: Shutting down and abandoning module NUTUnrealEngine4 (374)
[2020.10.16-13.58.54:048][408]LogModuleManager: Shutting down and abandoning module NetcodeUnitTest (372)
[2020.10.16-13.58.54:048][408]LogModuleManager: Shutting down and abandoning module MediaCompositingEditor (370)
[2020.10.16-13.58.54:048][408]LogModuleManager: Shutting down and abandoning module MediaCompositing (368)
[2020.10.16-13.58.54:048][408]LogModuleManager: Shutting down and abandoning module LinearTimecode (366)
[2020.10.16-13.58.54:048][408]LogModuleManager: Shutting down and abandoning module ImgMedia (364)
[2020.10.16-13.58.54:056][408]LogModuleManager: Shutting down and abandoning module HTML5Networking (362)
[2020.10.16-13.58.54:056][408]LogModuleManager: Shutting down and abandoning module GeometryCacheTracks (360)
[2020.10.16-13.58.54:056][408]LogModuleManager: Shutting down and abandoning module GeometryCacheSequencer (358)
[2020.10.16-13.58.54:056][408]LogModuleManager: Shutting down and abandoning module BackChannel (356)
[2020.10.16-13.58.54:057][408]LogModuleManager: Shutting down and abandoning module AppleVision (354)
[2020.10.16-13.58.54:057][408]LogModuleManager: Shutting down and abandoning module AppleImageUtils (352)
[2020.10.16-13.58.54:057][408]LogModuleManager: Shutting down and abandoning module AlembicImporter (350)
[2020.10.16-13.58.54:057][408]LogModuleManager: Shutting down and abandoning module AlembicLibrary (349)
[2020.10.16-13.58.54:057][408]LogModuleManager: Shutting down and abandoning module GeometryCache (348)
[2020.10.16-13.58.54:057][408]LogModuleManager: Shutting down and abandoning module GeometryCacheEd (347)
[2020.10.16-13.58.54:057][408]LogModuleManager: Shutting down and abandoning module DatasmithContentEditor (342)
[2020.10.16-13.58.54:057][408]LogModuleManager: Shutting down and abandoning module DatasmithContent (340)
[2020.10.16-13.58.54:058][408]LogModuleManager: Shutting down and abandoning module SpeedTreeImporter (338)
[2020.10.16-13.58.54:058][408]LogModuleManager: Shutting down and abandoning module PluginBrowser (336)
[2020.10.16-13.58.54:058][408]LogModuleManager: Shutting down and abandoning module MobileLauncherProfileWizard (334)
[2020.10.16-13.58.54:058][408]LogModuleManager: Shutting down and abandoning module PolygonModeling (332)
[2020.10.16-13.58.54:058][408]LogModuleManager: Shutting down and abandoning module MeshEditor (330)
[2020.10.16-13.58.54:058][408]LogModuleManager: Shutting down and abandoning module CryptoKeysOpenSSL (328)
[2020.10.16-13.58.54:058][408]LogModuleManager: Shutting down and abandoning module CryptoKeys (326)
[2020.10.16-13.58.54:058][408]LogModuleManager: Shutting down and abandoning module VisualStudioSourceCodeAccess (324)
[2020.10.16-13.58.54:059][408]LogModuleManager: Shutting down and abandoning module VisualStudioCodeSourceCodeAccess (322)
[2020.10.16-13.58.54:059][408]LogModuleManager: Shutting down and abandoning module UObjectPlugin (320)
[2020.10.16-13.58.54:059][408]LogModuleManager: Shutting down and abandoning module SubversionSourceControl (318)
[2020.10.16-13.58.54:059][408]LogModuleManager: Shutting down and abandoning module PerforceSourceControl (316)
[2020.10.16-13.58.54:059][408]LogModuleManager: Shutting down and abandoning module GitSourceControl (314)
[2020.10.16-13.58.54:059][408]LogModuleManager: Shutting down and abandoning module SourceControl (313)
[2020.10.16-13.58.54:059][408]LogModuleManager: Shutting down and abandoning module CLionSourceCodeAccess (310)
[2020.10.16-13.58.54:059][408]LogModuleManager: Shutting down and abandoning module LightPropagationVolumeEditor (308)
[2020.10.16-13.58.54:059][408]LogModuleManager: Shutting down and abandoning module PaperTiledImporter (306)
[2020.10.16-13.58.54:059][408]LogModuleManager: Shutting down and abandoning module PaperSpriteSheetImporter (304)
[2020.10.16-13.58.54:059][408]LogModuleManager: Shutting down and abandoning module Paper2DEditor (302)
[2020.10.16-13.58.54:059][408]LogModuleManager: Shutting down and abandoning module MeshPaint (301)
[2020.10.16-13.58.54:060][408]LogModuleManager: Shutting down and abandoning module RuntimePhysXCooking (298)
[2020.10.16-13.58.54:060][408]LogModuleManager: Shutting down and abandoning module PhysXVehiclesEditor (296)
[2020.10.16-13.58.54:060][408]LogModuleManager: Shutting down and abandoning module PhysXVehicles (294)
[2020.10.16-13.58.54:060][408]LogModuleManager: Shutting down and abandoning module OculusEditor (292)
[2020.10.16-13.58.54:060][408]LogModuleManager: Shutting down and abandoning module LocationServicesBPLibrary (290)
[2020.10.16-13.58.54:060][408]LogModuleManager: Shutting down and abandoning module ImmediatePhysicsEditor (288)
[2020.10.16-13.58.54:060][408]LogModuleManager: Shutting down and abandoning module ImmediatePhysics (286)
[2020.10.16-13.58.54:060][408]LogModuleManager: Shutting down and abandoning module ActorSequence (284)
[2020.10.16-13.58.54:060][408]LogModuleManager: Shutting down and abandoning module UdpMessaging (282)
[2020.10.16-13.58.54:161][408]LogModuleManager: Shutting down and abandoning module TcpMessaging (280)
[2020.10.16-13.58.54:262][408]LogModuleManager: Shutting down and abandoning module MagicLeapAudio (278)
[2020.10.16-13.58.54:262][408]LogModuleManager: Shutting down and abandoning module GameplayTagsEditor (276)
[2020.10.16-13.58.54:262][408]LogModuleManager: Shutting down and abandoning module FacialAnimationEditor (274)
[2020.10.16-13.58.54:262][408]LogModuleManager: Shutting down and abandoning module FacialAnimation (272)
[2020.10.16-13.58.54:262][408]LogModuleManager: Shutting down and abandoning module DataValidation (270)
[2020.10.16-13.58.54:262][408]LogModuleManager: Shutting down and abandoning module AssetManagerEditor (268)
[2020.10.16-13.58.54:262][408]LogModuleManager: Shutting down and abandoning module LevelEditor (267)
[2020.10.16-13.58.54:262][408]LogModuleManager: Shutting down and abandoning module PixelInspectorModule (266)
[2020.10.16-13.58.54:262][408]LogModuleManager: Shutting down and abandoning module CommonMenuExtensions (264)
[2020.10.16-13.58.54:263][408]LogModuleManager: Shutting down and abandoning module MainFrame (262)
[2020.10.16-13.58.54:263][408]LogModuleManager: Shutting down and abandoning module HotReload (261)
[2020.10.16-13.58.54:263][408]LogModuleManager: Shutting down and abandoning module ContentBrowser (257)
[2020.10.16-13.58.54:264][408]LogModuleManager: Shutting down and abandoning module TreeMap (255)
[2020.10.16-13.58.54:264][408]LogModuleManager: Shutting down and abandoning module LightPropagationVolumeRuntime (252)
[2020.10.16-13.58.54:264][408]LogModuleManager: Shutting down and abandoning module AISupportModule (250)
[2020.10.16-13.58.54:264][408]LogModuleManager: Shutting down and abandoning module Paper2D (248)
[2020.10.16-13.58.54:264][408]LogModuleManager: Shutting down and abandoning module WindowsMoviePlayer (246)
[2020.10.16-13.58.54:264][408]LogModuleManager: Shutting down and abandoning module WmfMedia (244)
[2020.10.16-13.58.54:264][408]LogModuleManager: Shutting down and abandoning module Media (243)
[2020.10.16-13.58.54:270][408]LogModuleManager: Shutting down and abandoning module PacketHandler (240)
[2020.10.16-13.58.54:270][408]LogModuleManager: Shutting down and abandoning module ClothingSystemEditor (238)
[2020.10.16-13.58.54:270][408]LogModuleManager: Shutting down and abandoning module ClothingSystemRuntime (236)
[2020.10.16-13.58.54:270][408]LogModuleManager: Shutting down and abandoning module MediaAssets (234)
[2020.10.16-13.58.54:270][408]LogModuleManager: Shutting down and abandoning module Overlay (232)
[2020.10.16-13.58.54:270][408]LogModuleManager: Shutting down and abandoning module OverlayEditor (231)
[2020.10.16-13.58.54:270][408]LogModuleManager: Shutting down and abandoning module VREditor (228)
[2020.10.16-13.58.54:270][408]LogModuleManager: Shutting down and abandoning module StringTableEditor (226)
[2020.10.16-13.58.54:270][408]LogModuleManager: Shutting down and abandoning module GameplayTasksEditor (224)
[2020.10.16-13.58.54:270][408]LogModuleManager: Shutting down and abandoning module BehaviorTreeEditor (222)
[2020.10.16-13.58.54:270][408]LogModuleManager: Shutting down and abandoning module FunctionalTesting (220)
[2020.10.16-13.58.54:270][408]LogModuleManager: Shutting down and abandoning module CollisionAnalyzer (218)
[2020.10.16-13.58.54:270][408]LogModuleManager: Shutting down and abandoning module WorkspaceMenuStructure (217)
[2020.10.16-13.58.54:270][408]LogModuleManager: Shutting down and abandoning module UMG (214)
[2020.10.16-13.58.54:270][408]LogModuleManager: Shutting down and abandoning module UMGEditor (213)
[2020.10.16-13.58.54:270][408]LogModuleManager: Shutting down and abandoning module Sequencer (212)
[2020.10.16-13.58.54:270][408]LogModuleManager: Shutting down and abandoning module MessageLog (209)
[2020.10.16-13.58.54:270][408]LogModuleManager: Shutting down and abandoning module SlateReflector (204)
[2020.10.16-13.58.54:271][408]LogModuleManager: Shutting down and abandoning module Slate (202)
[2020.10.16-13.58.54:271][408]LogModuleManager: Shutting down and abandoning module EditorStyle (200)
[2020.10.16-13.58.54:272][408]LogModuleManager: Shutting down and abandoning module MRMesh (198)
[2020.10.16-13.58.54:272][408]LogModuleManager: Shutting down and abandoning module SourceCodeAccess (196)
[2020.10.16-13.58.54:272][408]LogModuleManager: Shutting down and abandoning module HeadMountedDisplay (194)
[2020.10.16-13.58.54:272][408]LogModuleManager: Shutting down and abandoning module XAudio2 (192)
[2020.10.16-13.58.54:272][408]LogModuleManager: Shutting down and abandoning module Networking (190)
[2020.10.16-13.58.54:272][408]LogModuleManager: Shutting down and abandoning module Core (188)
[2020.10.16-13.58.54:272][408]LogModuleManager: Shutting down and abandoning module LevelSequence (186)
[2020.10.16-13.58.54:272][408]LogModuleManager: Shutting down and abandoning module KismetCompiler (184)
[2020.10.16-13.58.54:272][408]LogModuleManager: Shutting down and abandoning module MeshUtilities (182)
[2020.10.16-13.58.54:272][408]LogModuleManager: Shutting down and abandoning module MeshMergeUtilities (181)
[2020.10.16-13.58.54:272][408]LogModuleManager: Shutting down and abandoning module MeshReductionInterface (180)
[2020.10.16-13.58.54:272][408]LogModuleManager: Shutting down and abandoning module SimplygonSwarm (179)
[2020.10.16-13.58.54:272][408]LogModuleManager: Shutting down and abandoning module ProxyLODMeshReduction (177)
[2020.10.16-13.58.54:272][408]LogModuleManager: Shutting down and abandoning module SimplygonMeshReduction (175)
[2020.10.16-13.58.54:272][408]LogModuleManager: Shutting down and abandoning module QuadricMeshReduction (173)
[2020.10.16-13.58.54:272][408]LogModuleManager: Shutting down and abandoning module MaterialBaking (169)
[2020.10.16-13.58.54:272][408]LogModuleManager: Shutting down and abandoning module DirectoryWatcher (165)
[2020.10.16-13.58.54:272][408]LogModuleManager: Shutting down and abandoning module DerivedDataCache (162)
[2020.10.16-13.58.54:335][408]LogDerivedDataCache: Shutdown
[2020.10.16-13.58.54:335][408]LogModuleManager: Shutting down and abandoning module XGEController (160)
[2020.10.16-13.58.54:335][408]LogModuleManager: Shutting down and abandoning module TargetPlatform (158)
[2020.10.16-13.58.54:335][408]LogModuleManager: Shutting down and abandoning module VulkanShaderFormat (157)
[2020.10.16-13.58.54:335][408]LogModuleManager: Shutting down and abandoning module ShaderFormatVectorVM (155)
[2020.10.16-13.58.54:336][408]LogModuleManager: Shutting down and abandoning module ShaderFormatOpenGL (153)
[2020.10.16-13.58.54:336][408]LogModuleManager: Shutting down and abandoning module ShaderFormatD3D (151)
[2020.10.16-13.58.54:336][408]LogModuleManager: Shutting down and abandoning module MetalShaderFormat (149)
[2020.10.16-13.58.54:336][408]LogModuleManager: Shutting down and abandoning module TextureFormatUncompressed (147)
[2020.10.16-13.58.54:336][408]LogModuleManager: Shutting down and abandoning module TextureFormatPVR (145)
[2020.10.16-13.58.54:336][408]LogModuleManager: Shutting down and abandoning module TextureFormatDXT (143)
[2020.10.16-13.58.54:336][408]LogModuleManager: Shutting down and abandoning module TextureFormatIntelISPCTexComp (141)
[2020.10.16-13.58.54:336][408]LogModuleManager: Shutting down and abandoning module TextureFormatASTC (139)
[2020.10.16-13.58.54:336][408]LogModuleManager: Shutting down and abandoning module ImageWrapper (138)
[2020.10.16-13.58.54:336][408]LogModuleManager: Shutting down and abandoning module TextureFormatAndroid (135)
[2020.10.16-13.58.54:336][408]LogModuleManager: Shutting down and abandoning module AudioFormatOpus (133)
[2020.10.16-13.58.54:336][408]LogModuleManager: Shutting down and abandoning module AudioFormatOgg (131)
[2020.10.16-13.58.54:336][408]LogModuleManager: Shutting down and abandoning module AudioFormatADPCM (129)
[2020.10.16-13.58.54:336][408]LogModuleManager: Shutting down and abandoning module LuminTargetPlatform (127)
[2020.10.16-13.58.54:336][408]LogModuleManager: Shutting down and abandoning module LinuxTargetPlatform (125)
[2020.10.16-13.58.54:337][408]LogModuleManager: Shutting down and abandoning module LinuxServerTargetPlatform (123)
[2020.10.16-13.58.54:337][408]LogModuleManager: Shutting down and abandoning module LinuxNoEditorTargetPlatform (121)
[2020.10.16-13.58.54:337][408]LogModuleManager: Shutting down and abandoning module LinuxClientTargetPlatform (119)
[2020.10.16-13.58.54:337][408]LogModuleManager: Shutting down and abandoning module TVOSTargetPlatform (117)
[2020.10.16-13.58.54:339][408]LogModuleManager: Shutting down and abandoning module Messaging (115)
[2020.10.16-13.58.54:339][408]LogModuleManager: Shutting down and abandoning module IOSTargetPlatform (113)
[2020.10.16-13.58.54:341][408]LogModuleManager: Shutting down and abandoning module HTML5TargetPlatform (111)
[2020.10.16-13.58.54:342][408]LogModuleManager: Shutting down and abandoning module AndroidTargetPlatform (109)
[2020.10.16-13.58.54:360][408]LogModuleManager: Shutting down and abandoning module WindowsTargetPlatform (107)
[2020.10.16-13.58.54:360][408]LogModuleManager: Shutting down and abandoning module WindowsServerTargetPlatform (105)
[2020.10.16-13.58.54:360][408]LogModuleManager: Shutting down and abandoning module WindowsNoEditorTargetPlatform (103)
[2020.10.16-13.58.54:360][408]LogModuleManager: Shutting down and abandoning module WindowsClientTargetPlatform (101)
[2020.10.16-13.58.54:360][408]LogModuleManager: Shutting down and abandoning module MacTargetPlatform (99)
[2020.10.16-13.58.54:360][408]LogModuleManager: Shutting down and abandoning module MacServerTargetPlatform (97)
[2020.10.16-13.58.54:360][408]LogModuleManager: Shutting down and abandoning module MacNoEditorTargetPlatform (95)
[2020.10.16-13.58.54:360][408]LogModuleManager: Shutting down and abandoning module MacClientTargetPlatform (93)
[2020.10.16-13.58.54:360][408]LogModuleManager: Shutting down and abandoning module AllDesktopTargetPlatform (91)
[2020.10.16-13.58.54:360][408]LogModuleManager: Shutting down and abandoning module InputCore (88)
[2020.10.16-13.58.54:361][408]LogModuleManager: Shutting down and abandoning module Settings (86)
[2020.10.16-13.58.54:361][408]LogModuleManager: Shutting down and abandoning module PhysXCooking (84)
[2020.10.16-13.58.54:361][408]LogModuleManager: Shutting down and abandoning module SteamVR (82)
[2020.10.16-13.58.54:361][408]LogModuleManager: Shutting down and abandoning module OculusHMD (80)
[2020.10.16-13.58.54:361][408]LogModuleManager: Shutting down and abandoning module ExampleDeviceProfileSelector (78)
[2020.10.16-13.58.54:361][408]LogModuleManager: Shutting down and abandoning module LauncherChunkInstaller (76)
[2020.10.16-13.58.54:361][408]LogModuleManager: Shutting down and abandoning module OnlineBlueprintSupport (74)
[2020.10.16-13.58.54:361][408]LogModuleManager: Shutting down and abandoning module OnlineSubsystem (70)
[2020.10.16-13.58.54:362][408]LogModuleManager: Shutting down and abandoning module XMPP (65)
[2020.10.16-13.58.54:363][408]LogModuleManager: Shutting down and abandoning module WebSockets (64)
[2020.10.16-13.58.54:368][408]LogModuleManager: Shutting down and abandoning module HTTP (61)
[2020.10.16-13.58.54:368][408]LogHttp: Display: Http module shutting down, but needs to wait on 1 outstanding Http requests:
[2020.10.16-13.58.54:368][408]LogHttp: Display: 	verb=[POST] url=[https://datarouter.ol.epicgames.com/datarouter/api/v1/public/data?SessionID=%7B4F14C686-40F6-9217-4ADE-2A8CE5974E3D%7D&AppID=UEEditor.Rocket.Release&AppVersion=4.20.3-4369336%2B%2B%2BUE4%2BRelease-4.20&UserID=612d77d041e7bb2d363199af398209ed%7Cac7c401101894d0985b85269f7f8ae0c%7Ccb22270c-0d1b-4213-80e6-b7566c5fbf3a&AppEnvironment=datacollector-binary&UploadType=eteventstream] status=Processing
[2020.10.16-13.58.54:371][408]LogModuleManager: Shutting down and abandoning module SSL (60)
[2020.10.16-13.58.54:374][408]LogModuleManager: Shutting down and abandoning module MagicLeapEmulator (56)
[2020.10.16-13.58.54:374][408]LogModuleManager: Shutting down and abandoning module MagicLeapPrivileges (54)
[2020.10.16-13.58.54:374][408]LogModuleManager: Shutting down and abandoning module MagicLeapIdentity (52)
[2020.10.16-13.58.54:374][408]LogModuleManager: Shutting down and abandoning module MagicLeapHelperVulkan (50)
[2020.10.16-13.58.54:374][408]LogModuleManager: Shutting down and abandoning module MagicLeapHelperOpenGL (48)
[2020.10.16-13.58.54:375][408]LogModuleManager: Shutting down and abandoning module MagicLeapSecureStorage (46)
[2020.10.16-13.58.54:375][408]LogModuleManager: Shutting down and abandoning module MagicLeapGestures (44)
[2020.10.16-13.58.54:375][408]LogModuleManager: Shutting down and abandoning module MagicLeapEyeTracker (42)
[2020.10.16-13.58.54:375][408]LogModuleManager: Shutting down and abandoning module MagicLeapController (40)
[2020.10.16-13.58.54:378][408]LogSlate: Slate User Destroyed.  User Index 0, Is Virtual User: 0
[2020.10.16-13.58.54:378][408]LogModuleManager: Shutting down and abandoning module MagicLeap (38)
[2020.10.16-13.58.54:379][408]LogModuleManager: Shutting down and abandoning module AnimationModifiers (36)
[2020.10.16-13.58.54:379][408]LogModuleManager: Shutting down and abandoning module PropertyEditor (35)
[2020.10.16-13.58.54:379][408]LogModuleManager: Shutting down and abandoning module AudioEditor (32)
[2020.10.16-13.58.54:379][408]LogModuleManager: Shutting down and abandoning module TextureCompressor (30)
[2020.10.16-13.58.54:379][408]LogModuleManager: Shutting down and abandoning module ShaderCore (28)
[2020.10.16-13.58.54:379][408]LogModuleManager: Shutting down and abandoning module Landscape (26)
[2020.10.16-13.58.54:380][408]LogModuleManager: Shutting down and abandoning module SlateRHIRenderer (24)
[2020.10.16-13.58.54:381][408]LogModuleManager: Shutting down and abandoning module OpenGLDrv (22)
[2020.10.16-13.58.54:381][408]LogModuleManager: Shutting down and abandoning module D3D11RHI (20)
[2020.10.16-13.58.54:381][408]LogModuleManager: Shutting down and abandoning module AnimGraphRuntime (18)
[2020.10.16-13.58.54:381][408]LogModuleManager: Shutting down and abandoning module Renderer (16)
[2020.10.16-13.58.54:382][408]LogModuleManager: Shutting down and abandoning module Engine (14)
[2020.10.16-13.58.54:382][408]LogModuleManager: Shutting down and abandoning module CoreUObject (12)
[2020.10.16-13.58.54:382][408]LogModuleManager: Shutting down and abandoning module NetworkFile (10)
[2020.10.16-13.58.54:382][408]LogModuleManager: Shutting down and abandoning module CookedIterativeFile (8)
[2020.10.16-13.58.54:382][408]LogModuleManager: Shutting down and abandoning module StreamingFile (6)
[2020.10.16-13.58.54:382][408]LogModuleManager: Shutting down and abandoning module SandboxFile (4)
[2020.10.16-13.58.54:382][408]LogModuleManager: Shutting down and abandoning module PakFile (2)
[2020.10.16-13.58.54:395][408]LogExit: Exiting.
[2020.10.16-13.58.54:426][408]Log file closed, 10/16/20 15:58:54
